"lift-rfile"
"Iteration" "lift"
("Iteration" "lift")
1 -0.01005945107616672
2 0.0009150988771983642
3 0.005607569060974911
4 0.008194151927290718
5 0.009199286026836674
6 0.01015089523669348
7 0.01127771395825674
8 0.01299190402918779
9 0.01558099112959297
10 0.01888334554119684
11 0.02308486699205835
12 0.02766122382506439
13 0.0312130395493846
14 0.0348390642812487
15 0.03898567454007724
16 0.04313753162013871
17 0.04745100438035988
18 0.05243214377177917
19 0.0570797357164938
20 0.06177726201956805
21 0.06707271306283676
22 0.07218811464238495
23 0.07712325564546506
24 0.08180573484419526
25 0.08638257090265532
26 0.09090526395056665
27 0.0952173651780355
28 0.09962729835334562
29 0.1038792217279733
30 0.1079585009747597
31 0.1121174283851495
32 0.1160526656760393
33 0.119823813693554
34 0.1239300664225508
35 0.1275677618507235
36 0.1309889020689382
37 0.1345880500100317
38 0.1377856759162637
39 0.1411353226135178
40 0.1443212427569099
41 0.1474242413815252
42 0.1505419884549041
43 0.1537162099568892
44 0.1568719889088548
45 0.1595157269679359
46 0.1622200127481801
47 0.1649925857835846
48 0.1677558569496359
49 0.1704001222401316
50 0.1728682913678655
51 0.1751847954175075
52 0.1775643032363
53 0.1797774090694003
54 0.1819210355637931
55 0.1839962579824102
56 0.1859584423007578
57 0.1878829265405102
58 0.1897739996542285
59 0.191506746893691
60 0.1933690105813664
61 0.1949303044992736
62 0.1965174003131135
63 0.1980278559994346
64 0.1994947315554964
65 0.201092781852695
66 0.2024187101787544
67 0.2038155407979486
68 0.2051216286867571
69 0.2062374761970044
70 0.2074034467648417
71 0.2085979151131202
72 0.209826968393801
73 0.2109180896042354
74 0.2120640371134241
75 0.2131056069110527
76 0.2141772278732486
77 0.215079490991446
78 0.216085810519503
79 0.2170883231807543
80 0.2180594686560289
81 0.2189954022603123
82 0.219860923379077
83 0.2207335442228453
84 0.2216217556844753
85 0.2224710740177133
86 0.2232509723253863
87 0.2240729549175408
88 0.2249405195104614
89 0.2257837069643264
90 0.2264759444028535
91 0.2271202726725018
92 0.2278412043006907
93 0.228482326726339
94 0.2292017717645937
95 0.2299068009163334
96 0.2305712317811821
97 0.2312972376585535
98 0.2319106108101916
99 0.2325366918282526
100 0.2331735801311217
101 0.2338250410316755
102 0.2344285203753629
103 0.2350284614700139
104 0.2356548176586249
105 0.2362217537523488
106 0.236799074479716
107 0.237374969819947
108 0.2379706514981557
109 0.2385213557099315
110 0.2390571888632444
111 0.2396189428869636
112 0.2402074393939858
113 0.2407376901161265
114 0.2412743516418346
115 0.2418157666813424
116 0.242358375441586
117 0.2429204151614676
118 0.2434242430092362
119 0.243938442148612
120 0.2444619266313395
121 0.244915202946147
122 0.245437645666314
123 0.2459022681486204
124 0.2464087331217402
125 0.2469026549095792
126 0.2474285675205198
127 0.2478944560521823
128 0.248395864147138
129 0.2489192408788345
130 0.2494251842569375
131 0.2498644002754521
132 0.2503293680289683
133 0.2508479580572535
134 0.2513456289620575
135 0.2518473487195722
136 0.2523249699254256
137 0.2527684880560438
138 0.253240360104322
139 0.2537173448319245
140 0.2541926887158426
141 0.2546767561150621
142 0.2551449612266694
143 0.2555995693587185
144 0.2560669470068431
145 0.2565312699864684
146 0.2569929692608302
147 0.2574490307966236
148 0.2579218992660857
149 0.258393737169006
150 0.2588764985920625
151 0.2593508010445381
152 0.2598232224331953
153 0.26029327568994
154 0.260770014615043
155 0.2612678138323927
156 0.2617419394441665
157 0.2621894479961207
158 0.2626450082306648
159 0.2630905608491594
160 0.2635600315628405
161 0.264015026733516
162 0.2645073865160326
163 0.2649726013977292
164 0.2654405960842324
165 0.2658801412044108
166 0.2663285705664893
167 0.2667407841185006
168 0.2671772393692796
169 0.2676155820408167
170 0.2680821439718528
171 0.2685344914613173
172 0.268984051367336
173 0.2694479923026757
174 0.2698995092982585
175 0.2703524964069961
176 0.2708061033585916
177 0.2712401332654532
178 0.2717089765090788
179 0.272137794325873
180 0.2725935849621025
181 0.2730503742459437
182 0.2735121487745095
183 0.2739423217623161
184 0.2743851241182099
185 0.2748425683720433
186 0.275274998415362
187 0.2757088831103371
188 0.2761479342181978
189 0.2765941855592011
190 0.2770216321450852
191 0.2774777624559593
192 0.2778725646277017
193 0.2783044234441727
194 0.2787362835136284
195 0.2791755051048746
196 0.2796063996716183
197 0.2800591824620579
198 0.2805177917422421
199 0.280953985947515
200 0.2813627573292221
201 0.2818419372584771
202 0.2822795071491163
203 0.2827078572405532
204 0.2831309941400991
205 0.2835556161049616
206 0.2839777982591089
207 0.2843841573595481
208 0.2848020354826813
209 0.2852280562229278
210 0.2856544624867106
211 0.2860762379481679
212 0.2864949372012801
213 0.2869174562954639
214 0.2873437004721293
215 0.2877695198447303
216 0.2882026923481866
217 0.2886303815546131
218 0.2890581283474358
219 0.289474321493667
220 0.2898996366016037
221 0.29032570271532
222 0.29075054838696
223 0.2911741797049389
224 0.2915965677283028
225 0.2920084897037646
226 0.2924440510764011
227 0.2928377156934565
228 0.2932380761870581
229 0.2936645215417569
230 0.2941282998649692
231 0.2945414315794497
232 0.2949672818388003
233 0.295379847949119
234 0.2957959052710219
235 0.296216466259325
236 0.2966383580439834
237 0.2970560814443471
238 0.2974810525250396
239 0.2979346397142796
240 0.2983154747532298
241 0.298741687200854
242 0.2991483115300966
243 0.299556270154414
244 0.2999681761803578
245 0.3003853865721025
246 0.3007983862600562
247 0.3012184097753696
248 0.3016260453425316
249 0.3020398560322305
250 0.3024405783654243
251 0.3028385147881279
252 0.3032634307148969
253 0.3036589553245407
254 0.3040572056656142
255 0.3044701978321805
256 0.3048922170720565
257 0.30529744138744
258 0.3057182242660756
259 0.3061179523866717
260 0.3065705578956147
261 0.3069753850903087
262 0.3073809486790547
263 0.3077837985127989
264 0.3081859679129829
265 0.3086006513958018
266 0.30900649201156
267 0.3094146976631143
268 0.3097915903974856
269 0.3102089580446091
270 0.3106331088433002
271 0.311013939620185
272 0.3114043977797046
273 0.3117832105702122
274 0.3121735928794969
275 0.3126245273579757
276 0.3130059635678045
277 0.3133938704592554
278 0.3137833242749462
279 0.3141732978668373
280 0.3145725514507596
281 0.3149653076893622
282 0.315360146975763
283 0.3157461383347731
284 0.3161309798653951
285 0.3165150064122355
286 0.3168998181303345
287 0.3172880066058495
288 0.317670931898297
289 0.3180524769351476
290 0.3184276030807075
291 0.3188103330781052
292 0.3191925317834781
293 0.3195726585698627
294 0.3199567952796014
295 0.320331712481674
296 0.3207079615566942
297 0.3210854595238444
298 0.3214567731911555
299 0.3218301689052863
300 0.3222022927417801
301 0.3225610882661208
302 0.3229315713444597
303 0.3233077035719497
304 0.3236818434050714
305 0.3240547428078072
306 0.3244262338437888
307 0.3247991575242073
308 0.3251682518591101
309 0.3255157104214459
310 0.3258778243116471
311 0.3262448284927802
312 0.3266177495767259
313 0.3269806232003292
314 0.327347443233942
315 0.3277184641512607
316 0.3280831257345097
317 0.3284173778584349
318 0.3287711351422926
319 0.3291325576638665
320 0.329495551106829
321 0.329868634804549
322 0.3302331521436377
323 0.3305934941280474
324 0.3309402707861868
325 0.3313139184365394
326 0.3316426682095417
327 0.3319894251051285
328 0.3323424679861421
329 0.3326976939254833
330 0.3330487353756025
331 0.3334204528378003
332 0.3338079144684329
333 0.3341572125593166
334 0.3344968172451953
335 0.334838463728728
336 0.3351777436310467
337 0.3355204279712143
338 0.3358642606746897
339 0.3362089005343527
340 0.3365633429300797
341 0.3369221711959116
342 0.3372612921345506
343 0.3376031982765442
344 0.3379456047080191
345 0.3382836494844714
346 0.3386174111538744
347 0.338967692501043
348 0.3393272559588693
349 0.3396571175296063
350 0.3399872420039745
351 0.3403384911560294
352 0.3406833319953248
353 0.3410276014453431
354 0.3413676197986109
355 0.3417079490715197
356 0.3420477151255649
357 0.3423878024297293
358 0.3427277409933434
359 0.3430674203574884
360 0.3434082941730556
361 0.3437370324101313
362 0.3440626443410252
363 0.3444036241846249
364 0.3447522390094571
365 0.3450848455127162
366 0.3454362346297469
367 0.3457654355955196
368 0.3461066398969297
369 0.3464571591368016
370 0.3467775566799565
371 0.3471172326770096
372 0.3474659994148147
373 0.347805085293225
374 0.3481298553545106
375 0.3484605438279494
376 0.3487936330252743
377 0.3491276537618667
378 0.3494621329122494
379 0.3497965905121714
380 0.3501308530090259
381 0.3504648116654405
382 0.35079840458112
383 0.3511330826845309
384 0.3514658295393411
385 0.3517979219330031
386 0.3521295510776446
387 0.3524607598558036
388 0.3527890305225932
389 0.3531122291022701
390 0.353439883932143
391 0.3537701064357537
392 0.354102071657425
393 0.3544343498788496
394 0.3547641413696125
395 0.3550928228547693
396 0.3554217842619958
397 0.3557490805245859
398 0.3560753877798867
399 0.3563969168723969
400 0.3567312974102658
401 0.3570364574039714
402 0.3573713221184979
403 0.3576981153590206
404 0.358021328633146
405 0.3583441729798917
406 0.3586663828503144
407 0.3589959835899139
408 0.3593097035507347
409 0.3596152929415514
410 0.3599444586254446
411 0.3602598814364773
412 0.3605687266645279
413 0.3608881286268286
414 0.3612034599001199
415 0.3615352260549299
416 0.3618419604127006
417 0.3621646473216721
418 0.3624755826798982
419 0.3627952989573154
420 0.3631035177850236
421 0.3634204747135066
422 0.3637305071082785
423 0.3640422597238038
424 0.3643515927991889
425 0.3646641393527067
426 0.3649754145023781
427 0.3652844220256627
428 0.3655931662307605
429 0.3658962119325234
430 0.3661989112091149
431 0.3665034010483433
432 0.3668071778642105
433 0.3671205328372062
434 0.3674176275861188
435 0.3677260168000491
436 0.3680213594847709
437 0.3683252928758784
438 0.3686184868332397
439 0.3689204563989165
440 0.3692173654095668
441 0.3695245518702963
442 0.3698170238893425
443 0.3701035743096366
444 0.3704042649945726
445 0.370685442413456
446 0.3709710994109574
447 0.3712676898597784
448 0.3715778477831524
449 0.3718704719679753
450 0.3721677530404215
451 0.3724570954400266
452 0.3727455210511514
453 0.3730314275739741
454 0.373316404495064
455 0.3736010552235191
456 0.3738853631859675
457 0.3741769847468706
458 0.3744550173890647
459 0.3747434907948718
460 0.3750188795662325
461 0.3753057012801075
462 0.3755881626895326
463 0.375866394417248
464 0.3761459940404582
465 0.3764251911171889
466 0.376703786257423
467 0.376981752274028
468 0.3772510038465172
469 0.3775330793464387
470 0.3778110737606715
471 0.3780873381581951
472 0.3783567490862682
473 0.3786360686530112
474 0.3789109399935707
475 0.3791765438033709
476 0.3794504400194633
477 0.3797194857761957
478 0.3799878253874016
479 0.3802503007661898
480 0.3805235470692916
481 0.3808018001796676
482 0.3810689168684277
483 0.3813355866231968
484 0.3816109148893117
485 0.3818669090074502
486 0.3821443710182436
487 0.382399037326158
488 0.3826679007162601
489 0.3829258868304306
490 0.3831935138531923
491 0.3834466947675741
492 0.3837102835619743
493 0.3839714283947139
494 0.3842277815007363
495 0.3845007190220098
496 0.3847462481063808
497 0.3850162047492543
498 0.385265762833047
499 0.3855273928701338
500 0.3857784459032774
501 0.3860360405570191
502 0.3862856683885826
503 0.3865421169943705
504 0.3867875300946146
505 0.387044016802918
506 0.3872929589015593
507 0.3875406898265119
508 0.3877904046411874
509 0.3880324179567101
510 0.3882807371843168
511 0.3885306070877715
512 0.3887796456095912
513 0.3890279081795566
514 0.389279676368979
515 0.3895234535197894
516 0.3897715353570096
517 0.3900147736612956
518 0.3902617784755657
519 0.3905028407857817
520 0.390745117801138
521 0.3909838125827472
522 0.3912261406250599
523 0.3914654193660596
524 0.3917037659142213
525 0.3919415495404489
526 0.3921788865482383
527 0.3924157039722053
528 0.392648722838758
529 0.392884310184265
530 0.3931198233557218
531 0.3933514777647297
532 0.393583709728059
533 0.3938185760503291
534 0.3940511668945106
535 0.3942846979865596
536 0.3945153595353785
537 0.3947506270054084
538 0.3949776396850713
539 0.3952065692143972
540 0.3954318144994781
541 0.3956559474563665
542 0.3958828909933606
543 0.3961131996714761
544 0.3963374183890067
545 0.3965654763709702
546 0.396789423756126
547 0.3970139124567525
548 0.3972372462513349
549 0.3974615365536094
550 0.3976816930500735
551 0.397905567638182
552 0.3981257300575903
553 0.3983417159092016
554 0.3985642929523259
555 0.3987783620445621
556 0.3989976203770004
557 0.399214913060211
558 0.3994367389465674
559 0.3996522818928679
560 0.3998684942110678
561 0.4000814448571
562 0.4002959141606398
563 0.4005153350898629
564 0.400727461152099
565 0.4009424920261294
566 0.401149938890595
567 0.4013624276420446
568 0.401570877412363
569 0.4017777466889464
570 0.4019880919144312
571 0.4021956193192705
572 0.402401986500361
573 0.4026083289104254
574 0.4028179056397585
575 0.4030254808287754
576 0.4032278558596402
577 0.4034349165320368
578 0.4036405766476991
579 0.403844462971275
580 0.4040522542742298
581 0.4042547702744802
582 0.4044557977290154
583 0.4046563675714822
584 0.4048560816648887
585 0.405055741704023
586 0.4052545242055937
587 0.4054523211164151
588 0.405650464473403
589 0.4058484551615525
590 0.4060453784257217
591 0.4062427221054913
592 0.4064382155994347
593 0.406638094987529
594 0.4068340465463628
595 0.4070296659725896
596 0.4072222132705872
597 0.4074150860884451
598 0.4076065507683181
599 0.4077942969380818
600 0.4079859399279632
601 0.4081775054263886
602 0.4083681442174791
603 0.4085585218213859
604 0.4087515583891154
605 0.4089418653143889
606 0.4091304482417801
607 0.4093180608458761
608 0.4095049954963845
609 0.4096901817895023
610 0.409875989674522
611 0.4100615527356949
612 0.4102467043860601
613 0.4104322978367752
614 0.4106113898712294
615 0.4107958084853208
616 0.4109780219459212
617 0.4111623789412916
618 0.4113473015613738
619 0.4115269483047019
620 0.4117066468140573
621 0.4118865044519423
622 0.4120663960487356
623 0.4122472380211272
624 0.4124273994701073
625 0.4126043875458915
626 0.4127818942043429
627 0.4129593701847948
628 0.4131333166373972
629 0.4133112753969192
630 0.4134904675323127
631 0.4136664738767846
632 0.4138414147124317
633 0.4140188983454808
634 0.4141907970004313
635 0.414364082548954
636 0.4145369134314608
637 0.414712335422377
638 0.4148831675005687
639 0.4150567092817133
640 0.4152276828057943
641 0.4153954899396985
642 0.4155670334738092
643 0.4157341931508143
644 0.4159049174827978
645 0.4160713416763215
646 0.416241266576742
647 0.416406838306284
648 0.4165757493090591
649 0.4167410972844145
650 0.4169063169439113
651 0.4170747100700344
652 0.4172389219553514
653 0.4174052317296032
654 0.4175732494346964
655 0.4177310621470268
656 0.417893334797597
657 0.418056646958361
658 0.418215764039117
659 0.4183780738420755
660 0.4185386808238433
661 0.4187006702959334
662 0.4188604458745018
663 0.4190214706713886
664 0.4191802679986431
665 0.4193370621307982
666 0.4194974930216869
667 0.4196540456114491
668 0.4198189269696692
669 0.4199702597507499
670 0.4201257397859178
671 0.4202840653155346
672 0.4204394836250618
673 0.4205967839461853
674 0.4207496927756207
675 0.4209054310505021
676 0.421057013264894
677 0.4212120275032117
678 0.421363236434574
679 0.4215148202777881
680 0.4216691653082943
681 0.4218190187787056
682 0.4219714188234701
683 0.4221221012113728
684 0.4222714378115489
685 0.4224186757956327
686 0.4225620185768447
687 0.422711821450209
688 0.422860628362641
689 0.4230156535587434
690 0.4231629454658103
691 0.4233102582496558
692 0.4234579236009974
693 0.4236039716752384
694 0.4237492360994146
695 0.423893967696702
696 0.4240367469592998
697 0.4241811733865554
698 0.4243245025462169
699 0.4244733321278292
700 0.4246121549481057
701 0.424754211667773
702 0.4248950277403636
703 0.4250374610216694
704 0.4251782760602231
705 0.4253187337634988
706 0.4254587659684411
707 0.4255984138073504
708 0.4257424630516934
709 0.425877357150463
710 0.4260157747716184
711 0.4261503026292603
712 0.4262905693724141
713 0.4264285668003172
714 0.4265654894863293
715 0.4267016964294428
716 0.4268373632240423
717 0.4269772091203766
718 0.4271077387855793
719 0.427242423200136
720 0.4273727873846054
721 0.4275093175916826
722 0.4276435184139266
723 0.4277765601078846
724 0.4279152171909892
725 0.4280374828140061
726 0.4281725549266805
727 0.4283000802085028
728 0.4284346334733523
729 0.4285614048132869
730 0.4286951086282241
731 0.4288210047282746
732 0.4289537848209283
733 0.4290788480302477
734 0.4292106719467617
735 0.4293375070239789
736 0.429464088874327
737 0.4295931266273605
738 0.4297206636755661
739 0.4298440396053052
740 0.4299708632836247
741 0.4300970762370628
742 0.4302216338226997
743 0.4303458237781814
744 0.4304700686425506
745 0.4305941555319881
746 0.4307148156412092
747 0.4308379883751465
748 0.4309610078620754
749 0.4310919007267699
750 0.4312054224291825
751 0.4313220648050748
752 0.4314427732832306
753 0.4315585612602736
754 0.4316799111905933
755 0.43180205022067
756 0.4319240831497844
757 0.4320393321130956
758 0.4321609945230969
759 0.4322777747668927
760 0.4323946676994614
761 0.4325133785455322
762 0.4326287872349718
763 0.43274650982652
764 0.4328603226473154
765 0.4329769229308532
766 0.4330909105975723
767 0.4332070774724013
768 0.4333193633769374
769 0.4334344363051775
770 0.4335490374438709
771 0.4336616150322662
772 0.4337747625826922
773 0.4338875548544405
774 0.433999725992797
775 0.4341109097457166
776 0.4342219469250355
777 0.4343322993760573
778 0.4344425441645163
779 0.4345508479618059
780 0.4346604052559115
781 0.4347691625777681
782 0.4348784774042969
783 0.4349867156320267
784 0.4350953221943604
785 0.4352028391193284
786 0.4353106616479157
787 0.4354178743319011
788 0.4355249295643129
789 0.4356309149685449
790 0.4357387836316347
791 0.4358446353836333
792 0.4359495813310569
793 0.4360539883210225
794 0.4361580006208397
795 0.4362616751915485
796 0.4363660829221318
797 0.4364692284233506
798 0.4365716944227433
799 0.4366741287923765
800 0.4367761466711942
801 0.4368775157989616
802 0.4369783218707522
803 0.4370805797105419
804 0.4371817472347442
805 0.437282164728469
806 0.4373820826460146
807 0.4374816213371776
808 0.4375808233849712
809 0.4376796956457032
810 0.4377782392669435
811 0.4378764621838299
812 0.4379743600302125
813 0.438073485628561
814 0.438170098100332
815 0.4382664052509965
816 0.4383630491614186
817 0.4384621425984507
818 0.4385582554676384
819 0.438653458288806
820 0.4387452624174518
821 0.4388378030536902
822 0.4389317766271383
823 0.439027640267471
824 0.4391226465828181
825 0.4392163763263793
826 0.4393100049102569
827 0.4394034291706752
828 0.4394973305976877
829 0.4395906960350711
830 0.4396813633556481
831 0.4397722631595892
832 0.4398644239298517
833 0.4399557663639292
834 0.4400460762702091
835 0.4401363365683231
836 0.4402259320741507
837 0.4403163960214027
838 0.4404057231866867
839 0.4404939050416506
840 0.4405822330808788
841 0.4406707929093164
842 0.440758653536154
843 0.440846596425944
844 0.4409338575231433
845 0.4410206886491474
846 0.441107388345276
847 0.4411924672280215
848 0.4412758329563108
849 0.4413622808114461
850 0.4414486360040473
851 0.4415353590572603
852 0.4416272983507555
853 0.4417051478804052
854 0.4417879439801237
855 0.4418723184842006
856 0.4419593494735908
857 0.442043934293057
858 0.4421276916930093
859 0.4422085440844089
860 0.4422914741060411
861 0.442374171346291
862 0.4424570463492942
863 0.4425393439628966
864 0.4426197001417901
865 0.4427021648189321
866 0.4427839325451146
867 0.4428649428299719
868 0.4429457877654203
869 0.4430272622172078
870 0.4431076477241895
871 0.4431875694342876
872 0.4432671794753269
873 0.443346521401204
874 0.443425607301503
875 0.4435044397316428
876 0.443583018723921
877 0.4436613889357375
878 0.4437378676107927
879 0.4438154342012322
880 0.4438930605422647
881 0.4439705661391974
882 0.4440481536357768
883 0.4441253010348981
884 0.4442020674617481
885 0.4442785465341106
886 0.4443555768423031
887 0.4444315307029747
888 0.4445070978257769
889 0.4445824039810569
890 0.4446574807764024
891 0.4447323915917547
892 0.4448070822824783
893 0.4448815056742448
894 0.4449556875406862
895 0.4450296370507213
896 0.4451033582802606
897 0.4451768579255707
898 0.4452501354217724
899 0.4453231978555027
900 0.44539603769334
901 0.4454686522781743
902 0.4455410448404524
903 0.4456132190611546
904 0.4456851776996719
905 0.4457569223740038
906 0.4458284546780263
907 0.4458997762461177
908 0.4459708884201272
909 0.4460417925588722
910 0.4461124920012778
911 0.4461817781285385
912 0.4462503190323358
913 0.4463214953256318
914 0.4463902692807026
915 0.4464611048296147
916 0.4465293028823781
917 0.4466006029896621
918 0.4466683756038116
919 0.4467393514662558
920 0.4468077418095022
921 0.4468758726429402
922 0.4469464760069115
923 0.4470128591304382
924 0.4470820240342958
925 0.4471505127041471
926 0.4472175598773364
927 0.4472852789287848
928 0.4473518926909272
929 0.4474192034104065
930 0.4474855001582804
931 0.4475524506860036
932 0.4476170744003102
933 0.4476839950144545
934 0.4477510995167754
935 0.4478167343801858
936 0.4478816263262334
937 0.4479476472710957
938 0.4480115927752115
939 0.448077453819026
940 0.4481414585484169
941 0.4482068305562719
942 0.4482725179823265
943 0.4483372795041893
944 0.4484016824971357
945 0.4484658696202826
946 0.4485298894714534
947 0.4485937572417293
948 0.4486587890967852
949 0.4487222629559671
950 0.4487848833935472
951 0.4488494776285322
952 0.4489126111539329
953 0.4489753338358082
954 0.4490378464700386
955 0.4491002193206282
956 0.4491637362718821
957 0.4492247803004835
958 0.4492872443890601
959 0.4493489148944083
960 0.4494106434364123
961 0.449472183645206
962 0.4495336229518511
963 0.4495948389998155
964 0.4496559625768095
965 0.4497169771873906
966 0.4497778742286037
967 0.4498386473541841
968 0.4498992911996972
969 0.4499598026986889
970 0.4500201784394633
971 0.4500804159450312
972 0.4501405135637602
973 0.4502004704477552
974 0.4502602862232035
975 0.4503199611827772
976 0.4503794964244624
977 0.4504398822440383
978 0.4504969055025161
979 0.4505566267654911
980 0.4506159361336535
981 0.4506749465184527
982 0.4507337338370467
983 0.4507926920830716
984 0.4508512118568498
985 0.4509092639609072
986 0.4509682153211742
987 0.4510238871147705
988 0.4510824004157277
989 0.4511405045801375
990 0.4511983094276809
991 0.451255898869695
992 0.4513133141637655
993 0.451370577394676
994 0.4514277017795389
995 0.4514845772371903
996 0.4515386203495723
997 0.4515975343369709
998 0.4516532421946999
999 0.4517092416319184
1000 0.4517651060884185
1001 0.4518226409259372
1002 0.4518800297639728
1003 0.4519365124291381
1004 0.451992523557558
1005 0.4520482457330642
1006 0.4521037730520154
1007 0.4521591561024834
1008 0.4522144217650243
1009 0.4522696118692491
1010 0.4523246795713711
1011 0.4523809009035347
1012 0.4524331150840411
1013 0.4524888428642367
1014 0.4525452113619
1015 0.4525971631022713
1016 0.4526527210029805
1017 0.4527087937523812
1018 0.4527605696273033
1019 0.4528158472882288
1020 0.4528704478359741
1021 0.4529244778178362
1022 0.4529782110744665
1023 0.4530326596354564
1024 0.4530860790737122
1025 0.4531393209277191
1026 0.4531924200552236
1027 0.4532462103085767
1028 0.4532993017106215
1029 0.4533502634324993
1030 0.4534021335358892
1031 0.4534560925252253
1032 0.4535093092874689
1033 0.4535608414188113
1034 0.4536124811457063
1035 0.4536650549252332
1036 0.4537168370214404
1037 0.4537696673029373
1038 0.4538212064573846
1039 0.4538740037936155
1040 0.4539252575268101
1041 0.4539781776495006
1042 0.4540289205438634
1043 0.4540805406500749
1044 0.4541307181721307
1045 0.45418371791018
1046 0.4542340808965979
1047 0.4542864053940258
1048 0.4543362908315514
1049 0.4543883193795866
1050 0.4544379063985632
1051 0.4544897190599428
1052 0.4545388811894534
1053 0.4545903296620146
1054 0.4546394819320091
1055 0.4546908826087481
1056 0.4547395521987766
1057 0.4547907202820144
1058 0.4548395246715421
1059 0.4548910649404491
1060 0.4549398059871345
1061 0.4549906086477051
1062 0.4550388783285615
1063 0.4550894784159014
1064 0.4551375208296424
1065 0.4551879213653756
1066 0.4552357639325528
1067 0.4552859772322096
1068 0.4553349320435887
1069 0.4553846975147086
1070 0.4554332137311138
1071 0.4554821627791419
1072 0.4555301294894759
1073 0.4555787508123044
1074 0.4556264774376356
1075 0.4556749344308691
1076 0.455722505201874
1077 0.4557708372213842
1078 0.4558182677103813
1079 0.4558664745201549
1080 0.4559154611661976
1081 0.4559633908122763
1082 0.4560108390285781
1083 0.4560580539322487
1084 0.4561051457830574
1085 0.456152164132806
1086 0.4562001730792477
1087 0.4562467660312194
1088 0.4562941825266629
1089 0.4563400801116487
1090 0.4563881450769249
1091 0.4564356589687603
1092 0.4564827644297314
1093 0.4565320355201441
1094 0.4565725453335239
1095 0.4566197037098964
1096 0.4566668966501344
1097 0.4567135849890325
1098 0.4567554652985368
1099 0.4568036458299976
1100 0.4568492220439044
1101 0.4568939676319146
1102 0.45694061844705
1103 0.4569862537113851
1104 0.4570329767853755
1105 0.4570777493665159
1106 0.4571233828744721
1107 0.4571697601741004
1108 0.4572140994702797
1109 0.4572602576103082
1110 0.4573036163248954
1111 0.4573508964228242
1112 0.4573982402972678
1113 0.4574399968098635
1114 0.4574867796865798
1115 0.4575299729568195
1116 0.4575738218382456
1117 0.4576183992207475
1118 0.4576628777112666
1119 0.4577052901683977
1120 0.4577482346540127
1121 0.4577929202127283
1122 0.4578364099113174
1123 0.4578813708520107
1124 0.4579247785613839
1125 0.4579696583708801
1126 0.4580138425842484
1127 0.4580575410663129
1128 0.4581019931346549
1129 0.4581456293516211
1130 0.4581883695026534
1131 0.4582322098524901
1132 0.4582755510244331
1133 0.4583187932532519
1134 0.4583617011781368
1135 0.4584047093002947
1136 0.4584473885992001
1137 0.4584893665294806
1138 0.4585325664612174
1139 0.4585753676902937
1140 0.4586181002922317
1141 0.4586605231916308
1142 0.4587030069452942
1143 0.4587452225550824
1144 0.4587875596205032
1145 0.4588294702116938
1146 0.4588717293811608
1147 0.4589134991534359
1148 0.4589556397522152
1149 0.4589972606999043
1150 0.4590392672727828
1151 0.4590807321227163
1152 0.4591225987192247
1153 0.4591639044500929
1154 0.4592056277249822
1155 0.4592467737296956
1156 0.4592883516913228
1157 0.4593293387915109
1158 0.4593707699297795
1159 0.4594115994886494
1160 0.4594529139901256
1161 0.4594944634407793
1162 0.4595354422907793
1163 0.459576149582809
1164 0.4596167044671055
1165 0.4596579532875569
1166 0.4596978889356998
1167 0.4597380724042461
1168 0.4597787184694345
1169 0.4598177933858493
1170 0.4598583962449991
1171 0.4598979715462181
1172 0.4599387626969679
1173 0.4599778254587527
1174 0.4600181495967942
1175 0.4600569021872918
1176 0.4600974101124331
1177 0.4601366159083881
1178 0.4601772591279132
1179 0.4602163393690255
1180 0.4602568362467041
1181 0.4602957002782537
1182 0.4603360083058091
1183 0.4603746560450354
1184 0.4604147772657893
1185 0.4604532222269875
1186 0.4604931712158182
1187 0.4605314025128481
1188 0.4605711821573322
1189 0.4606092726207933
1190 0.460648909883307
1191 0.4606868463283511
1192 0.4607263321988799
1193 0.4607641128686632
1194 0.4608034531834311
1195 0.4608411012631735
1196 0.4608803033895408
1197 0.4609188480026912
1198 0.4609575133962749
1199 0.46099645105151
1200 0.4610336129504782
1201 0.4610714985752591
1202 0.461109986646209
1203 0.4611469363953597
1204 0.4611853335107146
1205 0.4612221466330559
1206 0.4612604661988599
1207 0.4612971639142295
1208 0.4613354167992423
1209 0.4613719854113998
1210 0.4614102221657155
1211 0.4614464393010923
1212 0.4614845220405311
1213 0.4615207672523096
1214 0.4615587891533902
1215 0.4615949148089764
1216 0.4616328182650701
1217 0.4616688027004273
1218 0.4617066422165874
1219 0.4617426316533104
1220 0.4617801698311313
1221 0.4618159480711255
1222 0.4618533252056631
1223 0.461888955803441
1224 0.4619261978854699
1225 0.4619618562073999
1226 0.4619990145909124
1227 0.4620344590479196
1228 0.4620714980924926
1229 0.4621066241068391
1230 0.4621434937225827
1231 0.4621791804834814
1232 0.4622148482205617
1233 0.4622504919794923
1234 0.4622875719645556
1235 0.4623235766983486
1236 0.4623583354884213
1237 0.4623940169370489
1238 0.4624296010240165
1239 0.4624640991250351
1240 0.4624996147992786
1241 0.4625351547343594
1242 0.4625694372567425
1243 0.4626048060497199
1244 0.4626401927957549
1245 0.4626749777611817
1246 0.4627100091333422
1247 0.46274463241985
1248 0.462779462974042
1249 0.4628139941718484
1250 0.4628486747506985
1251 0.4628829897914014
1252 0.4629173518327252
1253 0.4629512983386566
1254 0.4629861064447155
1255 0.4630206062201657
1256 0.46305432428742
1257 0.4630889119696804
1258 0.4631232412149602
1259 0.4631574928619598
1260 0.4631914940313016
1261 0.4632253603351097
1262 0.4632591302655294
1263 0.4632928616359744
1264 0.4633269427317647
1265 0.4633611323024233
1266 0.4633936893518851
1267 0.4634278840768229
1268 0.4634603667658806
1269 0.4634941017558107
1270 0.4635266089336179
1271 0.463560636301301
1272 0.4635924556801611
1273 0.4636267554923698
1274 0.4636585927490593
1275 0.4636927838450971
1276 0.4637245207736001
1277 0.4637585630696915
1278 0.4637912165602271
1279 0.463823808410968
1280 0.4638562904673332
1281 0.4638887155829265
1282 0.4639212415327845
1283 0.4639535928497829
1284 0.4639858674591918
1285 0.46401808132098
1286 0.4640502389862703
1287 0.4640837964788888
1288 0.464115174156681
1289 0.4641475607825295
1290 0.4641784773246841
1291 0.4642109736277413
1292 0.4642432172677917
1293 0.4642738755620622
1294 0.4643060724566428
1295 0.4643368347693044
1296 0.464369073735641
1297 0.4644010413737399
1298 0.4644297780299821
1299 0.464461936343494
1300 0.464493063257517
1301 0.4645242419492202
1302 0.46455539533379
1303 0.4645864947390718
1304 0.4646172472777424
1305 0.464648808037201
1306 0.4646807129793609
1307 0.4647097498143342
1308 0.4647416892214383
1309 0.4647735467626649
1310 0.4648019060502769
1311 0.4648335217696015
1312 0.4648622178092536
1313 0.4648940962593983
1314 0.4649226937886696
1315 0.4649542121208811
1316 0.4649845341008746
1317 0.4650153140307198
1318 0.4650446053485679
1319 0.4650746564122
1320 0.4651044806961219
1321 0.4651347922416872
1322 0.4651637463393317
1323 0.4651935025044953
1324 0.4652231070747238
1325 0.4652531253311085
1326 0.4652818157296059
1327 0.4653113079912476
1328 0.4653406809127649
1329 0.4653704183763479
1330 0.4653988438666032
1331 0.46542806539641
1332 0.4654571874535123
1333 0.4654866420097285
1334 0.4655147971302911
1335 0.4655445804087238
1336 0.4655727451252173
1337 0.4656014112244968
1338 0.4656303264099613
1339 0.4656580346200322
1340 0.4656874426635964
1341 0.465716078187599
1342 0.4657444238911884
1343 0.4657726114199642
1344 0.465800697405539
1345 0.4658287080980943
1346 0.4658566555887525
1347 0.4658845450115611
1348 0.4659123779687329
1349 0.4659401284181092
1350 0.4659678475517154
1351 0.4659955104057536
1352 0.4660231128252675
1353 0.4660506526931714
1354 0.4660781284412407
1355 0.4661055387893052
1356 0.4661328109235156
1357 0.4661600782396023
1358 0.4661872915412784
1359 0.4662144405839575
1360 0.4662415214149612
1361 0.4662685322750457
1362 0.4662954723340668
1363 0.4663223411859395
1364 0.4663491386463574
1365 0.4663758646598382
1366 0.4664025192558018
1367 0.466429102472999
1368 0.4664556143960977
1369 0.4664820552229658
1370 0.4665084248307899
1371 0.4665347234124786
1372 0.4665609790926977
1373 0.4665871407758037
1374 0.4666132254636491
1375 0.4666392369750342
1376 0.466665177016605
1377 0.466691046441766
1378 0.4667168456600708
1379 0.4667425748135312
1380 0.4667681853731215
1381 0.4667937732212306
1382 0.4668192975721534
1383 0.4668447530823517
1384 0.466870138333104
1385 0.4668954527693351
1386 0.4669206962216381
1387 0.4669458686864428
1388 0.4669709702406079
1389 0.4669960009271235
1390 0.4670209607875472
1391 0.4670458498658972
1392 0.4670706681964131
1393 0.4670954158538382
1394 0.4671200928938246
1395 0.4671446993781462
1396 0.4671692353619739
1397 0.4671937009067378
1398 0.4672180960653182
1399 0.4672424208735466
1400 0.4672666754134853
1401 0.4672908597187152
1402 0.4673149738177165
1403 0.4673390177370305
1404 0.4673629915018606
1405 0.4673868951407062
1406 0.4674107286882057
1407 0.4674344921705442
1408 0.4674575029409102
1409 0.4674809340310749
1410 0.467504298658322
1411 0.4675278370725418
1412 0.4675513755833403
1413 0.4675744762700596
1414 0.4675988155105812
1415 0.4676214321794465
1416 0.4676453852849134
1417 0.4676678218916274
1418 0.4676915439910532
1419 0.4677138499942554
1420 0.4677373609872866
1421 0.4677595370668324
1422 0.4677828710846639
1423 0.4678049958884962
1424 0.4678284636746499
1425 0.4678511579938585
1426 0.4678720381617364
1427 0.4678944691812841
1428 0.4679177734302225
1429 0.4679404350406332
1430 0.4679611211592805
1431 0.4679833030858076
1432 0.4680061562519396
1433 0.4680286286270164
1434 0.4680505729372389
1435 0.4680708998349092
1436 0.4680927075760877
1437 0.4681151613716596
1438 0.468137248429168
1439 0.4681588454664322
1440 0.4681799730614179
1441 0.4682016338540633
1442 0.4682239193661166
1443 0.4682448100823436
1444 0.4682652357814145
1445 0.4682866749193769
1446 0.468307121008663
1447 0.4683285063939724
1448 0.4683488654226358
1449 0.468369891296441
1450 0.4683909630294509
1451 0.4684111332512322
1452 0.4684319551109435
1453 0.4684525679265721
1454 0.468473082559431
1455 0.4684935146760095
1456 0.4685138767164347
1457 0.4685341732236587
1458 0.4685544059699734
1459 0.4685742966312182
1460 0.4685943919469772
1461 0.4686146977130346
1462 0.4686347678041854
1463 0.4686544390807305
1464 0.4686742634062261
1465 0.4686943117856099
1466 0.4687138584331528
1467 0.4687334787684576
1468 0.4687530721782533
1469 0.4687725814467619
1470 0.4687920865927759
1471 0.4688114448471124
1472 0.468830837620655
1473 0.4688500400141449
1474 0.4688693116669577
1475 0.4688883611077166
1476 0.468907529042195
1477 0.4689261610630222
1478 0.468945242727432
1479 0.4689643240160432
1480 0.4689827503305276
1481 0.4690016353541323
1482 0.469020534560048
1483 0.4690387800877797
1484 0.4690572013361001
1485 0.4690759149156769
1486 0.469094646585637
1487 0.4691125788535644
1488 0.4691307193720513
1489 0.4691488867224939
1490 0.4691672380417798
1491 0.4691853564971322
1492 0.4692033754387838
1493 0.4692213226267474
1494 0.4692392057671819
1495 0.4692570265245682
1496 0.4692747656113735
1497 0.4692924572060084
1498 0.4693101044321311
1499 0.4693276775704299
1500 0.4693451849033914
1501 0.4693626098508286
1502 0.4693799845307315
1503 0.4693973026471578
1504 0.4694145554860542
1505 0.4694317440214749
1506 0.4694488687248337
1507 0.4694659299194354
1508 0.4694829278866414
1509 0.4694998625011891
1510 0.4695167346890307
1511 0.4695335444180092
1512 0.4695502918657967
1513 0.4695669772219425
1514 0.4695836006705088
1515 0.4696001592358653
1516 0.4696166594107709
1517 0.4696330990871206
1518 0.4696494777863828
1519 0.4696657954292066
1520 0.4696820520133292
1521 0.4696982477114702
1522 0.4697143826123544
1523 0.4697306228646154
1524 0.4697466561679717
1525 0.469762460497917
1526 0.4697783130146364
1527 0.4697941304194031
1528 0.4698098975233099
1529 0.4698256087711967
1530 0.4698412618391477
1531 0.4698568557160606
1532 0.4698723900093668
1533 0.4698878646079679
1534 0.4699032795275753
1535 0.4699186348631791
1536 0.4699339307546233
1537 0.4699491673632554
1538 0.4699643448616071
1539 0.4699794634273562
1540 0.4699946641455985
1541 0.4700096832976141
1542 0.4700246176983126
1543 0.4700394857369065
1544 0.4700542935878685
1545 0.470069044927973
1546 0.4700837406807719
1547 0.4700983811492084
1548 0.4701129661437086
1549 0.470127495934609
1550 0.4701419703219618
1551 0.4701563892119884
1552 0.4701707524632026
1553 0.4701850599732449
1554 0.4701993116707297
1555 0.4702135075168237
1556 0.4702276474898263
1557 0.4702417316213455
1558 0.4702557599442922
1559 0.470269732516556
1560 0.4702836450810609
1561 0.4702975055330402
1562 0.4703113114384286
1563 0.4703250623935145
1564 0.4703387582908947
1565 0.4703523991437977
1566 0.4703659874545149
1567 0.4703794538399285
1568 0.4703929159235021
1569 0.4704063392331934
1570 0.4704197142554969
1571 0.4704330415050439
1572 0.4704463120120358
1573 0.4704595272858315
1574 0.4704726869040463
1575 0.4704857923114976
1576 0.4704988432255179
1577 0.4705118398185806
1578 0.4705247823701479
1579 0.4705376711546637
1580 0.4705505064278726
1581 0.4705633564356759
1582 0.4705760989075204
1583 0.4705887747684439
1584 0.4706013907169714
1585 0.4706139517149648
1586 0.4706264599729788
1587 0.4706389167352188
1588 0.4706513227046608
1589 0.4706636782388589
1590 0.4706759835213927
1591 0.4706882475883649
1592 0.4707006274049043
1593 0.4707128414065172
1594 0.4707249170689951
1595 0.4707369187267546
1596 0.4707490376664685
1597 0.4707607685945843
1598 0.4707725821580122
1599 0.4707845588621997
1600 0.4707964731033239
1601 0.4708080071036417
1602 0.4708197962597583
1603 0.4708315520219543
1604 0.4708430974472394
1605 0.4708546994949329
1606 0.4708661372030413
1607 0.4708776287144686
1608 0.4708889754192088
1609 0.4709003675993004
1610 0.4709116262837066
1611 0.4709229230332626
1612 0.4709340933077325
1613 0.4709452961622355
1614 0.4709563763152193
1615 0.4709674854366327
1616 0.4709784417417057
1617 0.4709894566762102
1618 0.4710003511182532
1619 0.471011282014964
1620 0.4710220871451122
1621 0.4710330667454802
1622 0.4710438579018508
1623 0.4710545555909464
1624 0.471065188357209
1625 0.4710757684940898
1626 0.4710863021371965
1627 0.4710967923896383
1628 0.4711072407116759
1629 0.4711176476589469
1630 0.4711280132943014
1631 0.4711383374225931
1632 0.4711486197348386
1633 0.4711588598908967
1634 0.4711692007695874
1635 0.4711792964853951
1636 0.4711893701878466
1637 0.4711995318442433
1638 0.4712095908008844
1639 0.4712195435449293
1640 0.4712294902007965
1641 0.4712393359168244
1642 0.4712491901740002
1643 0.4712589440984193
1644 0.471268727146444
1645 0.4712783979011433
1646 0.4712881028398789
1647 0.4712976906691376
1648 0.4713073160889116
1649 0.4713168211913579
1650 0.4713263660795522
1651 0.4713357800195433
1652 0.4713453498907816
1653 0.4713547640648222
1654 0.4713640996000731
1655 0.4713733795830047
1656 0.4713825426271933
1657 0.4713917017859537
1658 0.4714009785799399
1659 0.4714101309473624
1660 0.4714192206546043
1661 0.4714282644970534
1662 0.4714372613933334
1663 0.4714462230630492
1664 0.4714551413333598
1665 0.47146402686172
1666 0.4714728694569245
1667 0.4714816798807428
1668 0.4714904512586379
1669 0.4714991795813663
1670 0.4715078770290244
1671 0.4715164780563177
1672 0.4715250115768792
1673 0.471533645408012
1674 0.4715422153986583
1675 0.4715508764839213
1676 0.4715593251293783
1677 0.4715678179182505
1678 0.471576138004855
1679 0.4715845462427067
1680 0.4715927707974036
1681 0.4716011097572945
1682 0.471609252082617
1683 0.4716175247549724
1684 0.4716255907160288
1685 0.4716336999746373
1686 0.4716418642453747
1687 0.4716497946885977
1688 0.4716578436217286
1689 0.4716658244646575
1690 0.4716737619589283
1691 0.4716816635171645
1692 0.471689531695092
1693 0.4716973681454565
1694 0.4717051716418666
1695 0.4717129420681039
1696 0.4717206790627964
1697 0.4717283822849159
1698 0.4717360514536296
1699 0.4717436581167508
1700 0.4717512169934093
1701 0.4717588374475087
1702 0.4717663335383995
1703 0.4717737958633237
1704 0.4717813509666229
1705 0.4717887476783045
1706 0.4717961120862826
1707 0.4718034628015083
1708 0.4718108852623114
1709 0.4718181299391067
1710 0.4718253613702791
1711 0.4718326728667193
1712 0.4718398197550007
1713 0.4718469599035879
1714 0.4718540785789755
1715 0.4718611731221368
1716 0.4718682400504738
1717 0.4718752776251071
1718 0.4718822893009146
1719 0.4718892662895653
1720 0.4718962112039306
1721 0.4719031246720248
1722 0.4719100068536029
1723 0.4719168578138657
1724 0.4719236776262828
1725 0.4719304663935748
1726 0.4719372242486188
1727 0.4719439513418456
1728 0.4719506478425064
1729 0.4719573139303905
1730 0.4719639497912173
1731 0.4719705556115311
1732 0.4719771315792861
1733 0.4719837164768357
1734 0.4719901633254409
1735 0.4719967287586281
1736 0.4720032020136877
1737 0.472009538478355
1738 0.4720159369298369
1739 0.4720223644977632
1740 0.4720286342283768
1741 0.4720349805390338
1742 0.4720412266236436
1743 0.4720475341091866
1744 0.4720538148104177
1745 0.4720600320746826
1746 0.4720662077147385
1747 0.4720723503728993
1748 0.472078463963074
1749 0.4720845504058893
1750 0.4720906106973728
1751 0.4720966453844915
1752 0.4721026235231828
1753 0.4721086207110223
1754 0.4721145837416715
1755 0.472120437305432
1756 0.4721263604661174
1757 0.4721322826384192
1758 0.4721381280181702
1759 0.4721439513984673
1760 0.4721497539339615
1761 0.472155535286556
1762 0.4721612952217962
1763 0.472167031782841
1764 0.4721727446101793
1765 0.4721784331772466
1766 0.4721840971090959
1767 0.4721897361731163
1768 0.472195350259117
1769 0.4722009393551241
1770 0.4722064238979817
1771 0.4722120471627873
1772 0.4722175054478354
1773 0.4722229717775558
1774 0.4722284382494091
1775 0.4722338887505704
1776 0.4722392312781614
1777 0.4722446891113858
1778 0.4722501082416065
1779 0.4722553823913048
1780 0.4722606875371782
1781 0.472265990511257
1782 0.4722712806924996
1783 0.4722765526262354
1784 0.4722818036955473
1785 0.4722870324458913
1786 0.4722922381127087
1787 0.4722974203563028
1788 0.4723025791057415
1789 0.4723077144715374
1790 0.4723128266572913
1791 0.4723179159083728
1792 0.4723228923112943
1793 0.4723279746559634
1794 0.4723329518858528
1795 0.4723379972857315
1796 0.4723429513777592
1797 0.4723479489139345
1798 0.4723528715660311
1799 0.4723578192534283
1800 0.4723626158572511
1801 0.4723675476793409
1802 0.4723723685784162
1803 0.4723771930471046
1804 0.4723820091951313
1805 0.4723869042967532
1806 0.4723916451509222
1807 0.4723963981885836
1808 0.4724011340655637
1809 0.4724058560529458
1810 0.4724105604637681
1811 0.4724152470813844
1812 0.4724199155365925
1813 0.4724245655456892
1814 0.4724291969229772
1815 0.4724338095707197
1816 0.4724383074371442
1817 0.472442900794479
1818 0.4724474214127961
1819 0.4724519958632941
1820 0.4724564953029087
1821 0.4724610273337354
1822 0.4724655111503651
1823 0.472470003314975
1824 0.4724743616814928
1825 0.4724788555189867
1826 0.4724832221362674
1827 0.4724876012058929
1828 0.4724919786685617
1829 0.472496348008747
1830 0.4725007054592101
1831 0.4725050488134829
1832 0.4725093764922607
1833 0.4725136875860526
1834 0.472517880739091
1835 0.4725221694323478
1836 0.472526394136535
1837 0.4725306698174997
1838 0.4725348838130597
1839 0.472539126056668
1840 0.4725433148306095
1841 0.4725475175518906
1842 0.4725516753725283
1843 0.4725558381221764
1844 0.4725599633218185
1845 0.472564087880826
1846 0.4725681805961088
1847 0.4725723088435713
1848 0.4725763964662627
1849 0.4725804513645203
1850 0.4725845737864531
1851 0.4725886504925217
1852 0.4725926501670324
1853 0.4725966070778006
1854 0.4726005382823166
1855 0.4726045311763774
1856 0.472608337342377
1857 0.472612284337378
1858 0.472616174403988
1859 0.472620134553604
1860 0.4726239046536367
1861 0.4726277229503291
1862 0.4726315577539604
1863 0.4726353975404009
1864 0.4726392358842571
1865 0.4726430685551153
1866 0.472646892644941
1867 0.472650706159223
1868 0.4726545046307994
1869 0.4726581952577425
1870 0.4726620032580995
1871 0.4726658540199087
1872 0.4726694118632972
1873 0.4726731698848622
1874 0.4726769530541942
1875 0.4726807751669012
1876 0.4726843217679939
1877 0.472688043834778
1878 0.4726918530424321
1879 0.4726953663170368
1880 0.4726990488795795
1881 0.4727027263688103
1882 0.4727063547273497
1883 0.472709958044061
1884 0.4727135447823985
1885 0.4727171192453578
1886 0.4727206837230265
1887 0.4727243447825277
1888 0.4727279856048006
1889 0.4727315601274083
1890 0.4727350895162076
1891 0.4727385892379586
1892 0.4727420692872213
1893 0.4727455359140464
1894 0.4727490845753327
1895 0.4727526317293853
1896 0.4727560862056274
1897 0.4727594993350715
1898 0.4727628913142362
1899 0.4727662728726338
1900 0.4727696496207646
1901 0.4727730240624078
1902 0.4727763968604745
1903 0.4727797676526386
1904 0.4727831355653462
1905 0.4727864995281413
1906 0.4727898549631527
1907 0.4727932954861548
1908 0.4727966016188461
1909 0.4727999164674427
1910 0.4728032265205634
1911 0.4728065325961977
1912 0.472809833392112
1913 0.4728131287758507
1914 0.4728164339600529
1915 0.4728198112618134
1916 0.472823142746294
1917 0.4728264071311418
1918 0.4728296433409687
1919 0.4728329478803472
1920 0.4728360775132948
1921 0.4728393370706159
1922 0.4728426143006887
1923 0.4728456645481496
1924 0.4728488709084814
1925 0.4728520164404419
1926 0.4728552218683378
1927 0.4728583893456975
1928 0.4728615874233952
1929 0.4728647465134039
1930 0.4728680101078112
1931 0.4728710195635392
1932 0.4728741784985243
1933 0.4728773037427823
1934 0.4728805082480681
1935 0.4728836152990428
1936 0.4728867755201223
1937 0.4728899265088691
1938 0.472893037719579
1939 0.4728961239604835
1940 0.4728991942696719
1941 0.4729022539222151
1942 0.4729053059737857
1943 0.4729083521065066
1944 0.4729113931507256
1945 0.4729144294204042
1946 0.4729174609298877
1947 0.4729204874973365
1948 0.4729235805719003
1949 0.4729266325510482
1950 0.4729295750036573
1951 0.4729326163210251
1952 0.4729356200606405
1953 0.4729386131341621
1954 0.4729415761738672
1955 0.4729445581167283
1956 0.4729475632863837
1957 0.4729505286987952
1958 0.4729534699403484
1959 0.4729563981362203
1960 0.4729593198936137
1961 0.4729622386387661
1962 0.4729652226586858
1963 0.4729681334579042
1964 0.4729710811446485
1965 0.4729740287400157
1966 0.4729769421200503
1967 0.4729798357749587
1968 0.4729827179850639
1969 0.472985593196212
1970 0.4729884652673058
1971 0.4729913326894158
1972 0.4729941964438933
1973 0.4729970567636123
1974 0.4729999135794289
1975 0.473002766685151
1976 0.473005625255
1977 0.4730084730297053
1978 0.4730113137447514
1979 0.473014148556033
1980 0.4730169779956478
1981 0.473019802316142
1982 0.4730226216294361
1983 0.4730254266224509
1984 0.4730282330893677
1985 0.4730310372056033
1986 0.4730338375638592
1987 0.4730366334698576
1988 0.4730394245411514
1989 0.4730422105731319
1990 0.4730449914694278
1991 0.4730477671999395
1992 0.4730505377747796
1993 0.473053303228314
1994 0.4730560636076525
1995 0.4730588189382584
1996 0.4730615692577657
1997 0.4730643146156358
1998 0.4730670550663304
1999 0.473069790666421
2000 0.4730725214697807
2001 0.4730752475296555
2002 0.4730779688990505
2003 0.473080685625371
2004 0.4730833977536945
2005 0.4730861053264677
2006 0.4730888083841254
2007 0.4730915075039263
2008 0.4730941786663246
2009 0.4730968612658303
2010 0.4730995458784923
2011 0.4731022291891921
2012 0.4731050038590536
2013 0.4731076964554696
2014 0.4731103910953392
2015 0.473113059443054
2016 0.4731156881586064
2017 0.4731183021456171
2018 0.4731209658818344
2019 0.4731235783945005
2020 0.4731262030865295
2021 0.4731288405574544
2022 0.4731314713475798
2023 0.4731340996979556
2024 0.4731367256136595
2025 0.4731393487399645
2026 0.4731419687351631
2027 0.4731445853375933
2028 0.4731471983648806
2029 0.4731498076953207
2030 0.4731524132535774
2031 0.4731550149984691
2032 0.4731576129136998
2033 0.4731602070009512
2034 0.4731627421413766
2035 0.4731653970247027
2036 0.4731680023753071
2037 0.4731705750045048
2038 0.4731731308217791
2039 0.4731756994406168
2040 0.4731782547329509
2041 0.4731807735030517
2042 0.4731833164594012
2043 0.4731858672283386
2044 0.4731884204394483
2045 0.4731909737394887
2046 0.473193525774187
2047 0.4731960756491454
2048 0.4731986227413107
2049 0.4732011666128357
2050 0.4732037069628764
2051 0.4732062435955198
2052 0.4732087763952668
2053 0.4732113053076255
2054 0.4732138303242637
2055 0.4732163514694018
2056 0.4732188687887361
2057 0.4732213823420512
2058 0.4732238921985402
2059 0.4732263984296545
2060 0.4732289011065571
2061 0.4732313429520292
2062 0.4732338681550669
2063 0.4732363721735738
2064 0.4732387151588057
2065 0.473241177321658
2066 0.4732436674776631
2067 0.4732461647062018
2068 0.4732486604359108
2069 0.4732511522545151
2070 0.4732536393425555
2071 0.4732561214918592
2072 0.4732585987406417
2073 0.4732610712382828
2074 0.4732635391745303
2075 0.4732660027474016
2076 0.4732684621494115
2077 0.4732709175613983
2078 0.4732733691495807
2079 0.4732758396480887
2080 0.4732783645587503
2081 0.4732808234398172
2082 0.4732832557663197
2083 0.4732856767138404
2084 0.4732880924312899
2085 0.4732905056007716
2086 0.4732929173529488
2087 0.4732953280828007
2088 0.473297737834432
2089 0.4733000819173493
2090 0.4733025154483111
2091 0.4733048855365738
2092 0.4733073028098694
2093 0.4733096963315106
2094 0.4733120999580649
2095 0.4733144361338387
2096 0.4733168885699285
2097 0.4733193004326742
2098 0.4733216490593676
2099 0.4733240286020413
2100 0.4733264200135235
2101 0.4733288889325415
2102 0.4733313071262979
2103 0.4733336383524771
2104 0.4733359983478362
2105 0.473338368991325
2106 0.4733407435270935
2107 0.4733431186532787
2108 0.4733454925301376
2109 0.4733478640983435
2110 0.4733502327592496
2111 0.4733525982787807
2112 0.4733550549130774
2113 0.4733573775078526
2114 0.4733597624585038
2115 0.4733620394561551
2116 0.4733643897714748
2117 0.4733666768982427
2118 0.4733689777632925
2119 0.4733713014358891
2120 0.4733736363187949
2121 0.4733759764005979
2122 0.4733783181112674
2123 0.4733806592478336
2124 0.4733829984468139
2125 0.4733853348875142
2126 0.4733876681075257
2127 0.4733899985762367
2128 0.4733923115649686
2129 0.4733946289112393
2130 0.4733969472088471
2131 0.4733992643036795
2132 0.4734015792269963
2133 0.4734038914780994
2134 0.4734062008082263
2135 0.4734085071224379
2136 0.4734108103215453
2137 0.4734131106326585
2138 0.4734154081506462
2139 0.4734177027751443
2140 0.4734199945914199
2141 0.4734222837050126
2142 0.47342457021488
2143 0.4734268542514344
2144 0.4734291357630888
2145 0.4734314148546117
2146 0.4734336916387737
2147 0.4734359208655703
2148 0.4734382724999874
2149 0.4734406028683742
2150 0.4734428459994951
2151 0.473445057493241
2152 0.4734473375470685
2153 0.4734495049865378
2154 0.473451720762528
2155 0.4734539606301207
2156 0.4734562143362526
2157 0.4734584752827787
2158 0.473460739116729
2159 0.4734630029611619
2160 0.4734652957074337
2161 0.4734675824393126
2162 0.4734698376431737
2163 0.4734720716946162
2164 0.4734742948079913
2165 0.4734765138270917
2166 0.4734787202461831
2167 0.4734809372839847
2168 0.4734831611168795
2169 0.4734853877754821
2170 0.4734876152630962
2171 0.4734898424889923
2172 0.4734920687550839
2173 0.4734942935718517
2174 0.4734965165347585
2175 0.4734986521358904
2176 0.4735008476614374
2177 0.4735030444381791
2178 0.4735052655246345
2179 0.473507391704024
2180 0.473509666574729
2181 0.4735119207460776
2182 0.4735140657874086
2183 0.4735162432885704
2184 0.4735184396749014
2185 0.4735206462023465
2186 0.4735228572540965
2187 0.4735250735767665
2188 0.4735272810913158
2189 0.4735294876628569
2190 0.4735316909171697
2191 0.4735338691536807
2192 0.4735360544968413
2193 0.4735382432701318
2194 0.4735404294807429
2195 0.4735426132007814
2196 0.4735447941237814
2197 0.4735469719535411
2198 0.4735491472632084
2199 0.4735513179976115
2200 0.4735534856122289
2201 0.4735556572471479
2202 0.4735578213390803
2203 0.4735599811401922
2204 0.4735621377050385
2205 0.4735642915103152
2206 0.4735664428415464
2207 0.4735686918551063
2208 0.4735709338921081
2209 0.4735729774595921
2210 0.4735750590118483
2211 0.4735771618363574
2212 0.4735792782665473
2213 0.4735814028748718
2214 0.4735835324064293
2215 0.4735856646074217
2216 0.4735877978534122
2217 0.4735899305010446
2218 0.4735920629357281
2219 0.4735941937873201
2220 0.4735963226246631
2221 0.4735982409272763
2222 0.4736004713493152
2223 0.4736024419042081
2224 0.4736046018264312
2225 0.4736068144806183
2226 0.4736088251209715
2227 0.4736110123878888
2228 0.4736135577808107
2229 0.4736158098703255
2230 0.4736177627780006
2231 0.4736197770804879
2232 0.4736218091614497
2233 0.473623857775687
2234 0.4736259178202977
2235 0.473627986944016
2236 0.4736300629333619
2237 0.4736321439058263
2238 0.4736345270764454
2239 0.4736366766270607
2240 0.473638554929049
2241 0.4736409686286718
2242 0.4736427517237656
2243 0.4736450929337825
2244 0.4736468469486449
2245 0.4736491697724563
2246 0.473650918977472
2247 0.4736532099447519
2248 0.4736549526542402
2249 0.4736571292207657
2250 0.4736592097991243
2251 0.4736610406398154
2252 0.4736630017597022
2253 0.473665026636485
2254 0.4736670894602136
2255 0.473669174305746
2256 0.4736712705550919
2257 0.4736733710130122
2258 0.4736754708644445
2259 0.4736775675875575
2260 0.4736796584539661
2261 0.4736817425620108
2262 0.473683819629761
2263 0.473685889760526
2264 0.4736879951558685
2265 0.473690068378358
2266 0.4736924233045204
2267 0.4736947013435491
2268 0.4736964303538919
2269 0.473698721912192
2270 0.4737006589397033
2271 0.4737024702985078
2272 0.4737044191351448
2273 0.4737063884883296
2274 0.4737087526245868
2275 0.4737106386707381
2276 0.4737124723692205
2277 0.4737145333570292
2278 0.4737164796002766
2279 0.4737184186342336
2280 0.4737204606423161
2281 0.4737224630195932
2282 0.4737244477394748
2283 0.4737264278620301
2284 0.4737284100752445
2285 0.4737303970278389
2286 0.4737324459636521
2287 0.47373441805641
2288 0.4737364697111759
2289 0.4737384957966835
2290 0.4737405024417354
2291 0.4737424966383572
2292 0.4737444842580411
2293 0.4737464686371111
2294 0.4737484515716572
2295 0.4737504339633921
2296 0.4737524828095808
2297 0.4737548921580501
2298 0.4737569017580007
2299 0.4737585137367792
2300 0.4737607361061054
2301 0.4737626925500766
2302 0.4737645090079569
2303 0.4737665368147461
2304 0.4737684993705161
2305 0.4737704517945335
2306 0.4737723791078776
2307 0.4737743274814037
2308 0.4737762828237225
2309 0.4737781011682659
2310 0.4737801180362605
2311 0.4737820600098714
2312 0.4737840130172896
2313 0.4737859414449295
2314 0.4737879321507243
2315 0.473789866680758
2316 0.4737918115760852
2317 0.4737937599335414
2318 0.4737957195685647
2319 0.4737976633201891
2320 0.4737996183669434
2321 0.4738015360848959
2322 0.4738036213974959
2323 0.4738055138886263
2324 0.4738074299586427
2325 0.4738093577006811
2326 0.4738112681460377
2327 0.4738131148498535
2328 0.4738149568896247
2329 0.4738169487156373
2330 0.4738189438170923
2331 0.4738209119189145
2332 0.4738228666691376
2333 0.4738248139938605
2334 0.473826756824418
2335 0.4738286965515134
2336 0.4738306792087777
2337 0.4738326279645796
2338 0.4738345433896927
2339 0.4738364908667927
2340 0.4738383229770018
2341 0.4738402327156484
2342 0.4738421541215181
2343 0.4738440793772282
2344 0.4738460053127926
2345 0.4738479784699018
2346 0.4738499300832524
2347 0.473851893290293
2348 0.4738537681463919
2349 0.4738557091592259
2350 0.4738575755689196
2351 0.4738595017694913
2352 0.473861319239224
2353 0.4738632380019628
2354 0.4738651485361989
2355 0.4738670483744265
2356 0.4738689454877154
2357 0.4738708433434
2358 0.4738726928049232
2359 0.4738745987282642
2360 0.4738765034318414
2361 0.4738784057956518
2362 0.4738803060918472
2363 0.473882204444727
2364 0.4738841009109304
2365 0.4738859955295364
2366 0.4738878883386021
2367 0.4738897793804664
2368 0.4738916687018473
2369 0.4738935563534328
2370 0.4738954423881697
2371 0.4738973268594913
2372 0.4738992098198231
2373 0.4739010913193696
2374 0.4739029714053097
2375 0.4739048501213416
2376 0.4739067275074393
2377 0.4739085556355009
2378 0.4739104799565089
2379 0.473912308754982
2380 0.4739142231324014
2381 0.473916057764362
2382 0.4739179648473993
2383 0.4739198030310664
2384 0.4739217039283696
2385 0.4739235435930504
2386 0.4739254390939313
2387 0.473927278851969
2388 0.4739291696494535
2389 0.4739310086599394
2390 0.4739328953736273
2391 0.4739347331479868
2392 0.4739366058328102
2393 0.4739384361999867
2394 0.4739403186611985
2395 0.4739421521776341
2396 0.4739440336618892
2397 0.4739458662181552
2398 0.473947745213232
2399 0.4739495756662061
2400 0.4739514519887446
2401 0.4739532801059454
2402 0.4739551538941458
2403 0.4739569797138679
2404 0.4739588479156713
2405 0.4739606966220123
2406 0.4739625428222729
2407 0.4739643859332967
2408 0.4739662270650868
2409 0.4739680669866581
2410 0.4739699061449809
2411 0.4739717447748483
2412 0.4739735829787335
2413 0.4739754921480654
2414 0.4739773425435782
2415 0.4739791740497286
2416 0.4739809994637328
2417 0.4739828235586918
2418 0.4739846480611025
2419 0.4739864734669653
2420 0.4739882997783445
2421 0.4739901268148968
2422 0.4739919130969902
2423 0.4739938704878333
2424 0.4739956617662797
2425 0.4739975597924335
2426 0.4739991881574234
2427 0.4740010537371094
2428 0.4740028099525604
2429 0.4740047062429997
2430 0.4740064730724734
2431 0.4740083735905651
2432 0.474010228678954
2433 0.4740120652985494
2434 0.4740138928427922
2435 0.4740157154760116
2436 0.4740175353387513
2437 0.474019353609463
2438 0.4740211709510824
2439 0.4740229877329093
2440 0.4740248041517022
2441 0.4740266316220394
2442 0.47402845020741
2443 0.4740302252131575
2444 0.4740320978683082
2445 0.4740340185249596
2446 0.4740357674333921
2447 0.4740376281674425
2448 0.4740392473710872
2449 0.4740410296731425
2450 0.4740428372636933
2451 0.4740446562188949
2452 0.4740464800406231
2453 0.4740483053637314
2454 0.4740501303776536
2455 0.4740519347966839
2456 0.4740537514718826
2457 0.4740555714487092
2458 0.4740573917176561
2459 0.4740592110110806
2460 0.4740610287820993
2461 0.474062869293472
2462 0.4740646899185241
2463 0.4740665025161142
2464 0.4740682283157214
2465 0.4740700184299986
2466 0.4740718287260846
2467 0.474073645061475
2468 0.4740754091843471
2469 0.4740772400647739
2470 0.4740790828542091
2471 0.4740808567196671
2472 0.4740826688427801
2473 0.4740845253680648
2474 0.4740863007745291
2475 0.4740880953237047
2476 0.474089900769355
2477 0.4740916926256826
2478 0.4740935140145223
2479 0.4740953017227144
2480 0.4740971304409857
2481 0.4740989131096143
2482 0.474100745187854
2483 0.4741025231728564
2484 0.4741043566537411
2485 0.4741061307171916
2486 0.4741079106683737
2487 0.4741097601983469
2488 0.474111543991875
2489 0.4741133754017231
2490 0.4741152534121411
2491 0.4741170122199651
2492 0.4741188554020223
2493 0.474120649778857
2494 0.4741224376537208
2495 0.4741242223966305
2496 0.4741260065571992
2497 0.4741277915083124
2498 0.4741295778995117
2499 0.4741313653252091
2500 0.4741331548988506
2501 0.474135033896093
2502 0.4741367977785867
2503 0.4741387455565813
2504 0.4741405409709312
2505 0.4741423023904868
2506 0.4741440630465407
2507 0.474145866278517
2508 0.4741476418946805
2509 0.4741494150107677
2510 0.4741511901065268
2511 0.4741529684937639
2512 0.4741547503844417
2513 0.4741565355383591
2514 0.4741583235563581
2515 0.4741601140034423
2516 0.4741619064635152
2517 0.4741637005631754
2518 0.4741654959801919
2519 0.474167292444078
2520 0.4741690897319198
2521 0.4741708876648605
2522 0.4741726861029394
2523 0.4741743962947714
2524 0.4741763066177259
2525 0.4741779182153801
2526 0.4741796850564818
2527 0.4741814860746768
2528 0.4741833015058191
2529 0.4741851230100566
2530 0.4741869463652603
2531 0.4741887693287722
2532 0.4741905907388101
2533 0.474192410059729
2534 0.4741941753601073
2535 0.4741961724822433
2536 0.4741980100674973
2537 0.4741998174221633
2538 0.474201613430986
2539 0.4742034013743083
2540 0.4742051871277365
2541 0.474206973215295
2542 0.474208760878384
2543 0.4742105354885349
2544 0.4742123245100569
2545 0.4742141192968233
2546 0.4742159175826627
2547 0.4742177183045462
2548 0.474219520844475
2549 0.4742213307898241
2550 0.4742231378356124
2551 0.4742248304414316
2552 0.4742267340654328
2553 0.4742284483613344
2554 0.474230354489219
2555 0.4742320812753296
2556 0.4742339838419844
2557 0.4742357167952663
2558 0.4742376144904147
2559 0.4742393507878733
2560 0.4742411257839114
2561 0.4742429459947208
2562 0.4742447665081808
2563 0.4742465872298639
2564 0.4742484077229427
2565 0.4742502278844288
2566 0.4742520477613781
2567 0.4742539785785204
2568 0.4742556413664586
2569 0.4742574689022666
2570 0.474259340840236
2571 0.4742611782529973
2572 0.4742629926387488
2573 0.4742648052462273
2574 0.4742666183034656
2575 0.4742684326307282
2576 0.4742702484272868
2577 0.4742720656524257
2578 0.4742738841859924
2579 0.4742757038926798
2580 0.4742775231107364
2581 0.4742793443761591
2582 0.4742811668933617
2583 0.4742829903360167
2584 0.4742848145498662
2585 0.4742866394525216
2586 0.4742885768174054
2587 0.4742902387265395
2588 0.4742920159390074
2589 0.4742938807042583
2590 0.4742956878013465
2591 0.4742974986873877
2592 0.4742993271762091
2593 0.4743011633750436
2594 0.4743029369257339
2595 0.4743048630956754
2596 0.474306633114763
2597 0.4743085568607588
2598 0.4743103277544204
2599 0.4743122488145999
2600 0.4743140193973478
2601 0.4743159372642886
2602 0.4743177074168803
2603 0.4743195610562911
2604 0.4743214552695477
2605 0.4743232356239045
2606 0.4743250840412809
2607 0.4743269721460754
2608 0.4743288421603836
2609 0.4743306484679423
2610 0.4743324668573763
2611 0.4743343470883936
2612 0.4743361659800075
2613 0.4743379912914626
2614 0.4743398778345544
2615 0.474341702748337
2616 0.4743435319770729
2617 0.4743454220366899
2618 0.4743471206592896
2619 0.4743490423813423
2620 0.4743509239750638
2621 0.4743528438314989
2622 0.4743546748539674
2623 0.4743565206237994
2624 0.4743584192121606
2625 0.474360242383236
2626 0.4743620823125779
2627 0.474363980409675
2628 0.4743658059875563
2629 0.4743676482650734
2630 0.474369549944394
2631 0.474371379108754
2632 0.4743732255113762
2633 0.4743751315724686
2634 0.4743769639186902
2635 0.4743788147402215
2636 0.4743807250621699
2637 0.4743825573337161
2638 0.4743844054071756
2639 0.4743863227679188
2640 0.47438816518723
2641 0.474390019335343
2642 0.4743919398186707
2643 0.4743937835251805
2644 0.4743956417177976
2645 0.4743975658039402
2646 0.4743994105390686
2647 0.4744012680107312
2648 0.4744031923424134
2649 0.4744050452069419
2650 0.4744069131779068
2651 0.4744086843125163
2652 0.4744106761245851
2653 0.4744124333475812
2654 0.4744142718085485
2655 0.4744161232206093
2656 0.4744181480392515
2657 0.4744201134183977
2658 0.4744219375355418
2659 0.4744239526243657
2660 0.4744257136464036
2661 0.4744275529926976
2662 0.474429562638525
2663 0.4744314172750671
2664 0.4744332183048813
2665 0.4744351035034383
2666 0.4744369971474279
2667 0.4744388986899041
2668 0.4744408063259785
2669 0.4744427183928808
2670 0.4744447913639947
2671 0.4744467551834221
2672 0.4744486913630857
2673 0.4744505959042842
2674 0.4744525071995239
2675 0.4744544932071538
2676 0.4744563183977805
2677 0.4744581622383565
2678 0.4744600225194363
2679 0.4744618964767464
2680 0.4744637819575591
2681 0.4744656773164728
2682 0.4744675811547163
2683 0.4744694922030716
2684 0.4744714092896742
2685 0.4744733313277769
2686 0.4744752573542812
2687 0.4744771865457239
2688 0.4744791182172491
2689 0.4744812464862737
2690 0.4744831429871631
2691 0.4744850591173714
2692 0.4744869602203471
2693 0.4744888592300101
2694 0.4744907798017158
2695 0.4744927975788902
2696 0.4744946865837166
2697 0.4744965826649018
2698 0.4744984890013422
2699 0.4745004697308138
2700 0.4745024413935159
2701 0.474504423559242
2702 0.4745062094271771
2703 0.4745081242672247
2704 0.4745101017942435
2705 0.4745120053622418
2706 0.4745139291626203
2707 0.4745158643371546
2708 0.4745178081166901
2709 0.474519758568536
2710 0.474521714161166
2711 0.4745236736463392
2712 0.4745256360161118
2713 0.474527600474488
2714 0.4745295664105985
2715 0.4745315333719584
2716 0.4745335010385839
2717 0.4745354691864578
2718 0.474537437698141
2719 0.4745394065260947
2720 0.4745413756646086
2721 0.4745433451438516
2722 0.4745453150230357
2723 0.4745472853831624
2724 0.474549424953838
2725 0.4745514703134319
2726 0.4745533866608352
2727 0.4745554176303742
2728 0.4745573551021212
2729 0.4745592684852797
2730 0.4745612870419155
2731 0.4745631870048018
2732 0.4745652685548451
2733 0.4745672531543786
2734 0.4745692701981676
2735 0.4745711679312377
2736 0.4745730971127577
2737 0.4745750991543904
2738 0.4745770304090364
2739 0.4745789565690689
2740 0.4745810782378666
2741 0.4745830943565705
2742 0.4745850742556191
2743 0.4745870391365544
2744 0.4745889998048998
2745 0.4745909618422504
2746 0.4745930533098198
2747 0.4745949496042037
2748 0.4745969024116708
2749 0.4745989635523953
2750 0.4746010149323119
2751 0.4746030143264167
2752 0.4746050087628528
2753 0.4746069872602015
2754 0.474609025096463
2755 0.4746110605562899
2756 0.4746130618529555
2757 0.4746150477941596
2758 0.4746170313435911
2759 0.4746190179018672
2760 0.4746210410942364
2761 0.4746230408669862
2762 0.4746250352467905
2763 0.4746270305635416
2764 0.4746290354086505
2765 0.4746310398632579
2766 0.4746330465905278
2767 0.4746350568059677
2768 0.4746370706663443
2769 0.4746390879213661
2770 0.4746411082032067
2771 0.4746431735906241
2772 0.4746452254306345
2773 0.4746472083135584
2774 0.4746492159580767
2775 0.4746512379056797
2776 0.474653266427127
2777 0.4746552987296165
2778 0.4746573764429349
2779 0.474659439603842
2780 0.4746614328944716
2781 0.4746634511656768
2782 0.4746654832552965
2783 0.4746675215030478
2784 0.4746695631930853
2785 0.474671607145124
2786 0.4746736527847397
2787 0.4746756998110423
2788 0.4746777480573195
2789 0.4746797974274745
2790 0.4746818478656084
2791 0.4746838993401259
2792 0.4746859518341801
2793 0.4746880053412401
2794 0.4746900598612666
2795 0.474692115398246
2796 0.4746941719577812
2797 0.4746962295482064
2798 0.4746982881777257
2799 0.47470034785422
2800 0.4747024085850715
2801 0.4747044703769409
2802 0.4747065332356771
2803 0.4747085971659206
2804 0.4747106621719931
2805 0.4747127282572504
2806 0.4747147954241056
2807 0.4747168636742118
2808 0.4747189330084877
2809 0.4747210034271805
2810 0.4747230749294624
2811 0.474725147514639
2812 0.4747272346312347
2813 0.4747293124220358
2814 0.4747313877805022
2815 0.4747334629804945
2816 0.474735538903014
2817 0.4747376159250785
2818 0.4747396942033743
2819 0.474741773791267
2820 0.4747438546926147
2821 0.4747459368880249
2822 0.4747480203480754
2823 0.4747501050401089
2824 0.4747521909317732
2825 0.4747542779928499
2826 0.4747563661959666
2827 0.4747584555169131
2828 0.4747605459345451
2829 0.4747626374305571
2830 0.4747647299891661
2831 0.4747668235967655
2832 0.4747689182416038
2833 0.4747710139134769
2834 0.4747731106034457
2835 0.4747752083036199
2836 0.4747773070069107
2837 0.4747794067068924
2838 0.4747815073972453
2839 0.4747836090726358
2840 0.474785711728091
2841 0.4747878153586034
2842 0.4747899199592233
2843 0.4747920255251015
2844 0.4747941320514737
2845 0.4747962395340355
2846 0.4747983479676098
2847 0.4748004573489331
2848 0.4748025676730084
2849 0.4748047232532084
2850 0.4748068224604683
2851 0.4748089084925269
2852 0.4748110561310874
2853 0.4748131893602887
2854 0.4748152986617754
2855 0.4748174032426761
2856 0.4748195084243101
2857 0.474821648264713
2858 0.4748237196302728
2859 0.4748258209121556
2860 0.4748279344977965
2861 0.4748300541255069
2862 0.4748321771760264
2863 0.4748343468605107
2864 0.4748364793470815
2865 0.4748386332403537
2866 0.4748407051337292
2867 0.4748428123170198
2868 0.4748449333279488
2869 0.4748471052108398
2870 0.4748492411801744
2871 0.4748513998656393
2872 0.4748534776365319
2873 0.4748555903860871
2874 0.4748577168175598
2875 0.4748598941074521
2876 0.4748620346179669
2877 0.4748641983469716
2878 0.474866281750255
2879 0.4748683996445582
2880 0.4748705310050001
2881 0.4748727131863297
2882 0.4748748577983309
2883 0.4748770260975093
2884 0.4748791146449258
2885 0.4748812372544485
2886 0.474883373154817
2887 0.4748855571414148
2888 0.4748877379284661
2889 0.4748898255630614
2890 0.4748919509146993
2891 0.4748941353514313
2892 0.4748963194850372
2893 0.4748984085583214
2894 0.4749005363906072
2895 0.4749027237254055
2896 0.4749049114087703
2897 0.4749070029344633
2898 0.4749091778636939
2899 0.4749113594972153
2900 0.4749134524512885
2901 0.4749155847685126
2902 0.4749177770229996
2903 0.4749199681565576
2904 0.4749220657327755
2905 0.4749242460580362
2906 0.4749264314874072
2907 0.4749285300691776
2908 0.4749307118034299
2909 0.4749328973314088
2910 0.4749349989496872
2911 0.4749371830527852
2912 0.4749393695456913
2913 0.4749414739652423
2914 0.4749436602902574
2915 0.4749458479548578
2916 0.4749479547747333
2917 0.4749501347801173
2918 0.4749523203507677
2919 0.4749544750332316
2920 0.4749566480362226
2921 0.4749587580608841
2922 0.4749609492874742
2923 0.4749631370152703
2924 0.4749652971237566
2925 0.4749674710284409
2926 0.4749695851684202
2927 0.4749717791321302
2928 0.4749739675693542
2929 0.4749761309171175
2930 0.4749783060444709
2931 0.4749804671445416
2932 0.4749826395568112
2933 0.4749847584812139
2934 0.4749869559834845
2935 0.4749891452936201
2936 0.4749913134236672
2937 0.4749934903629738
2938 0.4749956559616628
2939 0.4749978304690682
2940 0.4749999974278665
2941 0.4750021715111644
2942 0.4750043403848273
2943 0.4750065146153097
2944 0.4750086855299454
2945 0.4750108599276406
2946 0.4750130322008284
2947 0.4750152070002063
2948 0.4750173806178689
2949 0.4750195558822736
2950 0.4750217306152089
2951 0.475023906326543
2952 0.4750260820043719
2953 0.4750282581502219
2954 0.4750304346466501
2955 0.4750326112161537
2956 0.4750347884341156
2957 0.4750369654150043
2958 0.4750391432774186
2959 0.4750413206555689
2960 0.4750434990999573
2961 0.475045676849064
2962 0.475047855821461
2963 0.4750500339410746
2964 0.4750522134004336
2965 0.4750543918646935
2966 0.4750565717684897
2967 0.4750587505546812
2968 0.4750609308657254
2969 0.4750631099504952
2970 0.4750652906345567
2971 0.4750674699937998
2972 0.4750696510183872
2973 0.4750718307680034
2974 0.4750740121564785
2975 0.475076191963711
2976 0.4750783735752996
2977 0.4750805535638286
2978 0.4750827354196904
2979 0.4750849155834488
2980 0.4750870976618981
2981 0.4750892779774154
2982 0.4750914602488579
2983 0.4750937018538584
2984 0.4750958420392852
2985 0.4750979725035206
2986 0.4751002299912564
2987 0.4751023759461851
2988 0.4751045108043517
2989 0.475106695441502
2990 0.4751088958837644
2991 0.4751110856464375
2992 0.4751132433901129
2993 0.4751154432236099
2994 0.4751176305761102
2995 0.4751198199946677
2996 0.4751219809138073
2997 0.4751241773657767
2998 0.4751263631141173
2999 0.4751285514736936
3000 0.4751307133164102
3001 0.4751329073891696
3002 0.475135091923905
3003 0.4751372794339336
3004 0.4751394414120912
3005 0.4751416477004357
3006 0.4751438009793131
3007 0.4751460727345072
3008 0.4751482044777834
3009 0.4751503696073758
3010 0.4751525170448293
3011 0.47515470835597
3012 0.4751568913059479
3013 0.4751590779001926
3014 0.4751612708019651
3015 0.4751634808079281
3016 0.4751656328283483
3017 0.4751678007914115
3018 0.4751700095623502
3019 0.4751721924353144
3020 0.4751743359618103
3021 0.475176510892496
3022 0.4751787128868079
3023 0.4751808948046262
3024 0.4751830703859368
3025 0.4751852439207013
3026 0.4751873877847294
3027 0.4751896051700946
3028 0.4751918162288845
3029 0.4751939810127138
3030 0.4751961676907444
3031 0.4751983275882826
3032 0.4752004731063718
3033 0.475202654439366
3034 0.4752048294251194
3035 0.475207002088001
3036 0.4752091839091034
3037 0.4752113275754176
3038 0.4752135167007406
3039 0.4752156705062731
3040 0.4752178583348009
3041 0.475220015532936
3042 0.4752222015645217
3043 0.4752244079954758
3044 0.4752265909150803
3045 0.4752287522489922
3046 0.4752309097582184
3047 0.4752330668814375
3048 0.4752352246612305
3049 0.4752373833379229
3050 0.4752395428668917
3051 0.4752417031025503
3052 0.4752438638689635
3053 0.4752460249897437
3054 0.4752481863015975
3055 0.4752503476580233
3056 0.4752525089315883
3057 0.4752546700137618
3058 0.4752568308136116
3059 0.4752589912562171
3060 0.4752611512804895
3061 0.4752633108371588
3062 0.4752654698870025
3063 0.4752676314268542
3064 0.4752697898434083
3065 0.4752719470864146
3066 0.4752741034956942
3067 0.4752762592301719
3068 0.4752784143574242
3069 0.4752805689027899
3070 0.4752827228721806
3071 0.4752848762626378
3072 0.4752870290672475
3073 0.475289181277508
3074 0.4752913328845013
3075 0.4752934838793488
3076 0.475295634253551
3077 0.4752977839990246
3078 0.4752999331081343
3079 0.4753020815736396
3080 0.4753042293886777
3081 0.475306376546747
3082 0.4753085230417017
3083 0.4753106688676877
3084 0.4753128140190028
3085 0.4753149584899761
3086 0.4753171022749394
3087 0.4753192453681759
3088 0.4753213877639534
3089 0.4753235294565663
3090 0.4753256704403442
3091 0.4753278107097244
3092 0.4753298685306779
3093 0.4753320230061028
3094 0.4753341907727019
3095 0.4753363384279073
3096 0.4753384783844318
3097 0.4753405741919258
3098 0.4753427477075196
3099 0.4753449047740503
3100 0.4753469987095389
3101 0.4753491636378207
3102 0.4753513180415022
3103 0.4753534027567949
3104 0.4753555619670133
3105 0.4753577147065161
3106 0.4753597942494694
3107 0.4753619498316222
3108 0.4753641009320048
3109 0.4753661769106278
3110 0.4753683295692299
3111 0.4753704786614696
3112 0.4753725932671239
3113 0.4753747258774321
3114 0.4753767946876657
3115 0.4753789418175016
3116 0.4753810844488049
3117 0.475383214260761
3118 0.4753853411620031
3119 0.475387409302303
3120 0.4753895512403918
3121 0.4753916831111118
3122 0.4753937917576408
3123 0.4753959099841232
3124 0.4753980148686235
3125 0.4754001292056725
3126 0.4754022338311199
3127 0.4754043459510052
3128 0.4754064505207664
3129 0.4754085607488521
3130 0.4754106649051955
3131 0.4754127732753546
3132 0.4754148766191118
3133 0.4754169831019278
3134 0.4754190483383652
3135 0.4754211808652479
3136 0.4754232979499727
3137 0.4754253579519916
3138 0.4754274879637568
3139 0.4754296050993364
3140 0.4754316606592579
3141 0.4754337871327692
3142 0.4754359025680273
3143 0.4754379537184324
3144 0.4754400765127569
3145 0.4754421895074446
3146 0.4754442366168246
3147 0.4754463558517457
3148 0.4754484660792349
3149 0.4754505094812539
3150 0.4754526252929183
3151 0.4754547326087525
3152 0.4754567725278829
3153 0.4754588850063897
3154 0.4754609893416247
3155 0.4754630259001545
3156 0.4754651350858328
3157 0.4754672363998772
3158 0.4754692696451907
3159 0.475471340618803
3160 0.4754734585590292
3161 0.4754755635963743
3162 0.4754775900956615
3163 0.4754796495789417
3164 0.4754817606558812
3165 0.4754838618933284
3166 0.4754858828038791
3167 0.4754879375375918
3168 0.4754900440880711
3169 0.4754921417012617
3170 0.4754941577166839
3171 0.4754962078756009
3172 0.4754983098870091
3173 0.4755004035119487
3174 0.475502414749597
3175 0.4755044602985782
3176 0.4755065576882529
3177 0.4755086471217568
3178 0.4755106535759676
3179 0.475512694455221
3180 0.4755147871468043
3181 0.4755168022273158
3182 0.4755188580858587
3183 0.4755209533902248
3184 0.47552296539718
3185 0.4755250186257002
3186 0.475527109866708
3187 0.475529116863097
3188 0.4755311660062521
3189 0.4755332120974628
3190 0.4755352576058768
3191 0.4755373015041807
3192 0.4755393440604054
3193 0.4755413853491865
3194 0.4755434253827052
3195 0.4755454641537049
3196 0.4755475016495543
3197 0.4755495785152595
3198 0.4755516241791009
3199 0.4755536571112516
3200 0.4755556791816112
3201 0.4755576964382708
3202 0.4755597162026176
3203 0.4755617480491087
3204 0.4755637679940067
3205 0.475565787592285
3206 0.4755678158402034
3207 0.4755698334041064
3208 0.4755718514548757
3209 0.4755738764115371
3210 0.475575891096832
3211 0.4755779062256932
3212 0.4755799278561483
3213 0.4755819392806102
3214 0.4755839104935469
3215 0.4755859713044113
3216 0.4755879159213779
3217 0.4755899050324598
3218 0.4755919793010751
3219 0.4755939370471268
3220 0.475595969432932
3221 0.4755980082136292
3222 0.475600022988686
3223 0.4756019964804446
3224 0.4756039046911794
3225 0.4756059554289618
3226 0.4756079721290118
3227 0.4756100099579321
3228 0.4756120098725749
3229 0.4756140009552763
3230 0.4756159886966865
3231 0.4756179671409634
3232 0.4756198917941137
3233 0.4756219379523832
3234 0.4756239381247082
3235 0.475625867325297
3236 0.4756279126238502
3237 0.4756298630514202
3238 0.4756318616570197
3239 0.4756338132776028
3240 0.4756357965407197
3241 0.4756377417045352
3242 0.4756397086229385
3243 0.4756417263079029
3244 0.4756437178475317
3245 0.4756456886698949
3246 0.4756476585498734
3247 0.4756495415373115
3248 0.4756515689907068
3249 0.4756535078300908
3250 0.4756554975024985
3251 0.4756574333587092
3252 0.4756594061349521
3253 0.4756613793528834
3254 0.4756633081722184
3255 0.47566528871869
3256 0.4756672312204563
3257 0.4756692205675316
3258 0.4756711611511619
3259 0.4756731502474511
3260 0.4756750838782678
3261 0.4756771588104386
3262 0.4756791540544927
3263 0.4756811075665995
3264 0.4756830426272743
3265 0.4756849693639095
3266 0.475686892866851
3267 0.4756888156953712
3268 0.4756907381541896
3269 0.4756926620897055
3270 0.4756945873481128
3271 0.4756965135392912
3272 0.4756984402927191
3273 0.4757003672488268
3274 0.4757022940725324
3275 0.4757043041682094
3276 0.4757061720910917
3277 0.4757080669957414
3278 0.4757100515330158
3279 0.4757119431576357
3280 0.4757138519178837
3281 0.4757158431729852
3282 0.4757176690943768
3283 0.4757196270444713
3284 0.4757215143618316
3285 0.475723496871283
3286 0.4757253858152855
3287 0.4757273230919434
3288 0.4757291937145541
3289 0.4757311243465586
3290 0.4757329906457072
3291 0.4757349194383033
3292 0.4757367848078758
3293 0.4757387119798982
3294 0.4757405772969032
3295 0.4757425020409847
3296 0.4757444368197121
3297 0.4757462724082857
3298 0.4757482484216559
3299 0.4757501251825855
3300 0.475752005530276
3301 0.4757538834157521
3302 0.4757557608224316
3303 0.4757576383447343
3304 0.475759516066033
3305 0.4757613938597556
3306 0.4757632715189717
3307 0.475765148815432
3308 0.4757670863669181
3309 0.4757689659629638
3310 0.4757708234683453
3311 0.475772689231392
3312 0.4757745558985033
3313 0.4757764218802856
3314 0.4757782868922544
3315 0.4757801509122744
3316 0.4757820139403164
3317 0.4757838759528314
3318 0.4757857369041314
3319 0.4757876296597991
3320 0.4757895206056044
3321 0.4757913256857059
3322 0.475793164449193
3323 0.4757950455493367
3324 0.4757969183903827
3325 0.4757987275075267
3326 0.475800596390013
3327 0.4758024554536408
3328 0.4758042972343635
3329 0.4758061405710059
3330 0.4758079814943892
3331 0.4758098179625538
3332 0.4758116601286473
3333 0.4758134912915862
3334 0.4758153342209112
3335 0.4758171605049102
3336 0.4758190034441118
3337 0.4758208250350682
3338 0.475822667322802
3339 0.4758244108482333
3340 0.4758262811798637
3341 0.4758281195633611
3342 0.4758299357404402
3343 0.4758318324994605
3344 0.475833671898333
3345 0.4758354702097566
3346 0.4758372635594994
3347 0.4758391105749063
3348 0.4758409075006599
3349 0.4758426974475273
3350 0.4758445417067567
3351 0.47584635703429
3352 0.475848163128004
3353 0.4758499441182368
3354 0.4758517266108892
3355 0.4758535630829807
3356 0.4758553722378165
3357 0.4758571725012603
3358 0.4758589689594953
3359 0.4758607633719606
3360 0.4758625349761409
3361 0.4758643102120462
3362 0.4758661365748467
3363 0.4758679361932867
3364 0.4758697268471767
3365 0.4758715134427483
3366 0.4758732977051622
3367 0.4758750802907553
3368 0.4758768614417449
3369 0.4758786199364557
3370 0.4758803823628655
3371 0.4758821945558241
3372 0.4758839801665024
3373 0.4758857567309018
3374 0.475887529099425
3375 0.4758892989962719
3376 0.4758910670935563
3377 0.4758928125500675
3378 0.4758945609758845
3379 0.4758963601950725
3380 0.4758981325555406
3381 0.4758998957832783
3382 0.4759016547877832
3383 0.4759033903947125
3384 0.475905127209753
3385 0.4759069167812082
3386 0.4759086789249158
3387 0.4759104317947279
3388 0.4759121804326835
3389 0.4759139058631248
3390 0.475915631857791
3391 0.4759174114947184
3392 0.4759191635501735
3393 0.475920906304245
3394 0.4759226241986367
3395 0.4759243409910097
3396 0.4759261126039902
3397 0.4759278561738008
3398 0.4759295903120324
3399 0.4759312996975214
3400 0.4759330074646028
3401 0.4759347707055612
3402 0.4759365057973616
3403 0.4759382110279824
3404 0.4759399117306398
3405 0.4759416689198398
3406 0.4759433972247105
3407 0.4759450955520917
3408 0.4759467886203357
3409 0.4759485390948293
3410 0.4759502604932869
3411 0.4759519519796965
3412 0.4759536378338692
3413 0.4759553815442553
3414 0.475957096119797
3415 0.4759587808700761
3416 0.4759604597541644
3417 0.4759621966970469
3418 0.4759639044828748
3419 0.475965582554805
3420 0.4759672545983915
3421 0.4759689847376546
3422 0.4759706657464808
3423 0.4759723341890515
3424 0.4759740608141739
3425 0.4759757370570389
3426 0.4759773993664845
3427 0.4759791210508668
3428 0.4759807920629588
3429 0.4759824484576261
3430 0.4759841650383654
3431 0.4759858308597988
3432 0.4759874816607924
3433 0.4759891731222297
3434 0.4759908165309589
3435 0.4759924812211348
3436 0.4759941503162657
3437 0.4759958129346755
3438 0.475997549120735
3439 0.4759992116219212
3440 0.4760007817210034
3441 0.4760024772836016
3442 0.4760041459882237
3443 0.4760058009255654
3444 0.4760075052437102
3445 0.4760091407911846
3446 0.4760107697610466
3447 0.4760124616123994
3448 0.4760140980350532
3449 0.4760157645958538
3450 0.476017377396643
3451 0.4760190104287722
3452 0.4760206477258437
3453 0.4760222795937045
3454 0.4760239637413802
3455 0.4760255812307325
3456 0.4760271931121742
3457 0.476028867675672
3458 0.4760304872121032
3459 0.4760321370802448
3460 0.4760337333819198
3461 0.476035349817363
3462 0.4760369704532161
3463 0.4760385858525921
3464 0.4760402529055578
3465 0.4760417973874334
3466 0.4760434473270688
3467 0.4760450742384325
3468 0.476046688137415
3469 0.4760483482200927
3470 0.4760498823365313
3471 0.4760515218518276
3472 0.4760531386770021
3473 0.4760547434410358
3474 0.4760563936795488
3475 0.4760579177804044
3476 0.4760595473673331
3477 0.4760611547228845
3478 0.4760627505942924
3479 0.4760643916065775
3480 0.4760659068337159
3481 0.4760675272712238
3482 0.4760691257466309
3483 0.4760707130111428
3484 0.4760723451487821
3485 0.4760738520178295
3486 0.4760754636397991
3487 0.4760770534740258
3488 0.4760786310281576
3489 0.4760802535340126
3490 0.4760818129276089
3491 0.4760834091344358
3492 0.4760849566114255
3493 0.4760865461310577
3494 0.4760880897449243
3495 0.4760896763528339
3496 0.4760912175237081
3497 0.4760928018398247
3498 0.4760943406390072
3499 0.4760959225747119
3500 0.4760974587849198
3501 0.4760990381136817
3502 0.4761005714890265
3503 0.4761021479937576
3504 0.4761036783283212
3505 0.4761052518368893
3506 0.4761067789780784
3507 0.4761083493650969
3508 0.4761098732083625
3509 0.4761114403864818
3510 0.4761129608658355
3511 0.4761145247763546
3512 0.4761160418537971
3513 0.4761175772921498
3514 0.4761191371524769
3515 0.4761206528337814
3516 0.4761221817658933
3517 0.4761237111497986
3518 0.476125265524297
3519 0.4761267791324012
3520 0.4761282986043156
3521 0.4761298206381724
3522 0.4761313681207557
3523 0.4761328771969362
3524 0.4761343881518874
3525 0.4761359029034928
3526 0.4761374182622499
3527 0.4761389579884635
3528 0.4761404614335104
3529 0.4761419620501676
3530 0.4761434677834249
3531 0.4761449744758596
3532 0.4761464805470128
3533 0.4761480103580859
3534 0.4761495059384767
3535 0.4761509947461822
3536 0.4761524897978308
3537 0.476153986122216
3538 0.4761554819329703
3539 0.4761569765555282
3540 0.4761584697089282
3541 0.4761599612646499
3542 0.4761614511580131
3543 0.4761629393538224
3544 0.4761644258323518
3545 0.476165910583064
3546 0.4761674182713643
3547 0.4761688961424398
3548 0.4761703594063679
3549 0.4761718312289976
3550 0.4761733050022154
3551 0.4761747785247357
3552 0.4761762509830494
3553 0.4761777220446245
3554 0.4761791915616468
3555 0.4761806594623122
3556 0.4761821257085948
3557 0.4761835902792193
3558 0.4761850531622811
3559 0.4761865143516537
3560 0.4761879738450162
3561 0.4761894316426133
3562 0.4761908877464449
3563 0.4761923421595185
3564 0.4761937948854506
3565 0.4761952459283036
3566 0.4761966952922801
3567 0.4761981429815675
3568 0.4761995890002245
3569 0.4762010333521231
3570 0.47620247604092
3571 0.4762039170700253
3572 0.4762053564426172
3573 0.4762067941616313
3574 0.4762082302297843
3575 0.4762096646495936
3576 0.4762110974234155
3577 0.4762125285534559
3578 0.4762139580417012
3579 0.4762153858900109
3580 0.4762168121001482
3581 0.4762182366737768
3582 0.4762196596124802
3583 0.4762210809177767
3584 0.4762225005911208
3585 0.476223918633922
3586 0.4762253350475434
3587 0.4762267498333184
3588 0.4762281629925572
3589 0.4762295745265336
3590 0.4762309844363627
3591 0.4762323927233241
3592 0.4762337993888011
3593 0.476235204434071
3594 0.4762366078603518
3595 0.4762380096688263
3596 0.4762394098606887
3597 0.4762408084371405
3598 0.4762422053993809
3599 0.4762436007486174
3600 0.4762449944860583
3601 0.4762463866129051
3602 0.4762477771303776
3603 0.4762491660396797
3604 0.4762505533419987
3605 0.4762519390384951
3606 0.4762533231304514
3607 0.4762547056190976
3608 0.4762560865056617
3609 0.4762574657913515
3610 0.4762588434773821
3611 0.4762602192563086
3612 0.4762615937216845
3613 0.476262966645209
3614 0.47626433798581
3615 0.4762657077326038
3616 0.4762670758829685
3617 0.4762684424371412
3618 0.4762698073964441
3619 0.4762711707625918
3620 0.4762725325374422
3621 0.476273892722865
3622 0.4762752513206777
3623 0.4762766083325645
3624 0.4762779637601398
3625 0.4762793176049368
3626 0.4762806698683937
3627 0.476282020551901
3628 0.4762833696568319
3629 0.476284717184521
3630 0.4762860631362552
3631 0.476287407513447
3632 0.4762887503174294
3633 0.4762900915495056
3634 0.4762914312109519
3635 0.4762927693030414
3636 0.4762941058270122
3637 0.4762954407840767
3638 0.4762967741756746
3639 0.476298106003007
3640 0.4762994362671693
3641 0.4763007649692705
3642 0.4763020921104497
3643 0.4763034176918647
3644 0.4763047417146773
3645 0.4763060641800577
3646 0.4763073850891729
3647 0.4763087044431853
3648 0.4763100222432842
3649 0.4763113384905864
3650 0.4763126531862235
3651 0.4763139663313476
3652 0.4763152779271174
3653 0.4763165879746756
3654 0.4763178964751731
3655 0.4763192034297665
3656 0.4763205088395971
3657 0.476321812705815
3658 0.4763231150296052
3659 0.4763244158119506
3660 0.4763257150541664
3661 0.4763270127573788
3662 0.476328308922663
3663 0.4763296035511047
3664 0.4763308966438171
3665 0.4763321881888755
3666 0.4763334782096291
3667 0.4763347666991273
3668 0.4763360536598619
3669 0.4763373390918791
3670 0.4763386229953832
3671 0.4763399053710497
3672 0.4763411862196941
3673 0.4763424481612057
3674 0.4763437521656925
3675 0.4763450257994352
3676 0.4763462990454262
3677 0.476347571149607
3678 0.4763488248034104
3679 0.47635011658139
3680 0.4763513847053599
3681 0.476352650640892
3682 0.4763538981042338
3683 0.4763551807496135
3684 0.4763564443945013
3685 0.4763577045319689
3686 0.4763589460077066
3687 0.4763602208165163
3688 0.476361479411397
3689 0.4763627171364453
3690 0.4763639854491724
3691 0.4763652408337516
3692 0.4763664743533415
3693 0.4763677365960343
3694 0.4763689883142657
3695 0.4763702175354167
3696 0.4763714742120813
3697 0.4763727219966848
3698 0.4763739468939605
3699 0.4763751983727568
3700 0.4763764420540324
3701 0.4763776626150808
3702 0.4763789091376197
3703 0.4763801486047126
3704 0.4763813648203987
3705 0.4763826065395925
3706 0.4763838256716098
3707 0.4763850571021938
3708 0.4763862826407781
3709 0.4763874898523134
3710 0.4763887320175507
3711 0.4763899373722819
3712 0.4763911379626123
3713 0.4763923897793571
3714 0.4763936035952954
3715 0.4763948389537943
3716 0.4763960551323846
3717 0.4763972561948427
3718 0.4763984810002475
3719 0.4763996904031602
3720 0.4764008873833125
3721 0.4764021063212218
3722 0.4764033109641105
3723 0.4764045043808953
3724 0.4764057183153156
3725 0.4764069185311681
3726 0.4764081082287351
3727 0.4764093174500558
3728 0.4764105132993112
3729 0.4764116990807835
3730 0.4764129037129196
3731 0.4764140951947149
3732 0.476415276912284
3733 0.4764164770159251
3734 0.4764176641205385
3735 0.4764188416814804
3736 0.4764200372912361
3737 0.4764212200135786
3738 0.4764223933663855
3739 0.4764235845048662
3740 0.4764247628456725
3741 0.4764259319660878
3742 0.4764271186502448
3743 0.4764282926147485
3744 0.4764294367380364
3745 0.4764306375112979
3746 0.4764317788176645
3747 0.4764329755031423
3748 0.4764341409223488
3749 0.4764353216386586
3750 0.476436486121823
3751 0.4764376186329474
3752 0.4764388078063354
3753 0.476439939717473
3754 0.4764411253715954
3755 0.4764422792251253
3756 0.4764434495414951
3757 0.4764446033800335
3758 0.4764457251964562
3759 0.4764469034913286
3760 0.4764480256642226
3761 0.4764492007532275
3762 0.476450344203376
3763 0.4764515043097753
3764 0.4764526479737125
3765 0.4764537599285594
3766 0.4764549278866006
3767 0.4764560403051542
3768 0.476457205065486
3769 0.4764583183579494
3770 0.4764594834857984
3771 0.4764605924654724
3772 0.4764617517362723
3773 0.4764628585818234
3774 0.4764640173008352
3775 0.4764651209619451
3776 0.4764662740737473
3777 0.4764673746434481
3778 0.4764685270922486
3779 0.4764696252745863
3780 0.4764707723611104
3781 0.4764718670369851
3782 0.4764730134686678
3783 0.4764741061659293
3784 0.4764752473589129
3785 0.4764763363922466
3786 0.4764774769693249
3787 0.4764785641843262
3788 0.476479699561713
3789 0.4764807830930532
3790 0.4764819179044206
3791 0.4764829996387075
3792 0.4764841292423714
3793 0.4764852073467415
3794 0.4764863364401193
3795 0.4764874126979495
3796 0.4764885365398934
3797 0.4764896092667664
3798 0.4764907326610733
3799 0.4764918034473106
3800 0.4764929215720986
3801 0.4764939889329017
3802 0.4764951066686153
3803 0.4764961720048455
3804 0.4764972844214549
3805 0.4764983464441316
3806 0.4764994585290999
3807 0.4765005184267463
3808 0.4765016251498141
3809 0.4765026818487814
3810 0.4765037882988282
3811 0.4765048427760324
3812 0.4765059438236912
3813 0.4765069952138182
3814 0.4765080960457037
3815 0.4765091451224074
3816 0.4765102405134166
3817 0.476511286609617
3818 0.4765123818404244
3819 0.4765134255367892
3820 0.4765145152899354
3821 0.4765155561076319
3822 0.4765166457546847
3823 0.4765176840902943
3824 0.4765187682241556
3825 0.4765198037793533
3826 0.4765208878601616
3827 0.4765219208539401
3828 0.4765229993867821
3829 0.47652402969545
3830 0.4765251082274018
3831 0.4765261358981611
3832 0.4765272088494947
3833 0.4765282339292321
3834 0.4765293069314002
3835 0.4765303292978586
3836 0.4765313966870294
3837 0.4765324165548401
3838 0.4765334840452997
3839 0.4765345011262503
3840 0.476535562972645
3841 0.4765365776442516
3842 0.4765376396407555
3843 0.4765386514558584
3844 0.4765397077789206
3845 0.4765407172694057
3846 0.4765417737894292
3847 0.4765427803582995
3848 0.4765438311770487
3849 0.4765448355008947
3850 0.4765458865616088
3851 0.4765468879050793
3852 0.4765479332404836
3853 0.4765489324133818
3854 0.4765499780335984
3855 0.4765509741732843
3856 0.4765520140460066
3857 0.4765530080828442
3858 0.4765540482804285
3859 0.4765550392372703
3860 0.4765560736674634
3861 0.476557062582842
3862 0.476558097375496
3863 0.4765590831705284
3864 0.4765601099756442
3865 0.4765611476273795
3866 0.4765621065086013
3867 0.476563123671287
3868 0.476564151991424
3869 0.4765651424958582
3870 0.4765661011495782
3871 0.4765671159408156
3872 0.4765681513780371
3873 0.4765691364584651
3874 0.4765701097222453
3875 0.4765711125628156
3876 0.4765720984622435
3877 0.4765730716295767
3878 0.4765740789476638
3879 0.4765750550497699
3880 0.4765760342951866
3881 0.4765770446402682
3882 0.4765780134545234
3883 0.4765790215663382
3884 0.4765800159676528
3885 0.4765809903988333
3886 0.4765819569549781
3887 0.4765829733550333
3888 0.4765839388146031
3889 0.4765848739463657
3890 0.4765858763498708
3891 0.4765868477597731
3892 0.4765877845711354
3893 0.4765887844507843
3894 0.476589756011864
3895 0.4765907337648256
3896 0.4765916932047642
3897 0.4765926636441333
3898 0.4765936209387652
3899 0.4765945882461194
3900 0.4765955446885083
3901 0.4765965095390476
3902 0.4765974650030776
3903 0.4765984274439071
3904 0.4765993815821641
3905 0.4766003415574816
3906 0.4766012940474129
3907 0.4766022515041106
3908 0.476603202095553
3909 0.4766041570011787
3910 0.4766051055113361
3911 0.4766060578515505
3912 0.4766070041541569
3913 0.4766079539293549
3914 0.4766088979404501
3915 0.4766098451601098
3916 0.4766107868258402
3917 0.4766117315044051
3918 0.4766126707915806
3919 0.4766136129454099
3920 0.4766145498344512
3921 0.476615489479828
3922 0.4766164239598758
3923 0.4766173611119194
3924 0.4766182931775652
3925 0.4766192278497806
3926 0.4766201574989319
3927 0.4766210897030358
3928 0.4766220169355694
3929 0.4766229466816553
3930 0.4766238714986707
3931 0.4766247987954416
3932 0.4766257211987619
3933 0.4766266460537043
3934 0.4766275660455367
3935 0.4766284884651362
3936 0.4766294060479212
3937 0.4766303260378617
3938 0.4766312412141507
3939 0.4766321587795261
3940 0.4766330715520323
3941 0.476633986697484
3942 0.4766348970690217
3943 0.4766358097989103
3944 0.4766367177724014
3945 0.4766376280908552
3946 0.4766385336693177
3947 0.4766394415803157
3948 0.4766403447668548
3949 0.476641250274263
3950 0.4766421510720477
3951 0.4766430541796541
3952 0.4766439525919279
3953 0.4766448533036106
3954 0.4766457493338458
3955 0.4766466476532729
3956 0.4766475413046056
3957 0.4766484372353705
3958 0.4766493285111307
3959 0.476650222057017
3960 0.4766511109607054
3961 0.4766520021253644
3962 0.4766528886602791
3963 0.476653777447426
3964 0.476654661617053
3965 0.4766555480304481
3966 0.4766564298382672
3967 0.476657300207827
3968 0.4766582068694631
3969 0.4766590761588143
3970 0.4766599473467591
3971 0.4766608227275052
3972 0.4766616874438212
3973 0.4766625591343184
3974 0.4766634391120385
3975 0.4766643535366101
3976 0.4766651993186534
3977 0.4766660634549931
3978 0.4766669693233875
3979 0.4766678060899512
3980 0.4766686864573091
3981 0.4766695612467197
3982 0.4766703956671943
3983 0.4766712776056968
3984 0.4766721376488086
3985 0.4766729827116866
3986 0.4766738624174461
3987 0.4766747212473004
3988 0.4766755529831256
3989 0.4766764341226685
3990 0.4766772905408583
3991 0.4766781203655045
3992 0.4766789970461794
3993 0.4766798550037418
3994 0.4766806852007188
3995 0.4766815582938877
3996 0.4766824077128284
3997 0.4766832274732211
3998 0.4766841002068848
3999 0.4766849466992253
4000 0.4766857856793129
4001 0.4766866149994624
4002 0.4766874829332441
4003 0.4766883244333733
4004 0.4766891600659889
4005 0.4766899753445954
4006 0.476690837474752
4007 0.4766916745261619
4008 0.4766924990679177
4009 0.476693331845301
4010 0.476694155562171
4011 0.4766949637985124
4012 0.4766958134254546
4013 0.4766966305743728
4014 0.4766974714862577
4015 0.4766983056791748
4016 0.4766991365386812
4017 0.476699965142988
4018 0.4767007919968458
4019 0.4767016173815223
4020 0.4767024549681556
4021 0.4767032702842758
4022 0.4767040892519965
4023 0.4767049212781625
4024 0.4767057309496291
4025 0.4767065468332248
4026 0.4767073754688406
4027 0.4767081809428324
4028 0.4767089941457168
4029 0.4767098196862019
4030 0.4767106214891392
4031 0.4767114452201009
4032 0.4767122395477664
4033 0.4767130645203883
4034 0.4767138521530221
4035 0.4767146779745193
4036 0.476715469272937
4037 0.4767162909668784
4038 0.476717076088352
4039 0.4767178979680771
4040 0.4767186842375182
4041 0.4767195013323959
4042 0.4767202827362292
4043 0.476721100215848
4044 0.4767218817109389
4045 0.4767226942172574
4046 0.4767234716432671
4047 0.4767242847007418
4048 0.4767250616887176
4049 0.4767258696862627
4050 0.476726643026181
4051 0.4767274516673068
4052 0.4767282243188304
4053 0.4767290278605859
4054 0.4767297970553594
4055 0.4767306012827023
4056 0.4767313696970595
4057 0.4767321688151716
4058 0.4767329338323104
4059 0.4767337336486112
4060 0.4767344978832528
4061 0.4767352925997528
4062 0.4767360534230626
4063 0.4767368488332601
4064 0.4767376089235505
4065 0.4767383992562608
4066 0.4767391558791088
4067 0.4767399468900236
4068 0.4767407028603998
4069 0.476741488825345
4070 0.4767422412464781
4071 0.4767430278661097
